{"D:\\Proyectos\\ApunTiti\\src\\types.ts": {"path":"D:\\Proyectos\\ApunTiti\\src\\types.ts","statementMap":{"0":{"start":{"line":1,"column":7},"end":{"line":1,"column":null}},"1":{"start":{"line":2,"column":2},"end":{"line":2,"column":null}},"2":{"start":{"line":3,"column":2},"end":{"line":3,"column":null}},"3":{"start":{"line":4,"column":2},"end":{"line":4,"column":null}},"4":{"start":{"line":1,"column":12},"end":{"line":1,"column":null}},"5":{"start":{"line":7,"column":7},"end":{"line":7,"column":null}},"6":{"start":{"line":8,"column":2},"end":{"line":8,"column":null}},"7":{"start":{"line":9,"column":2},"end":{"line":9,"column":null}},"8":{"start":{"line":7,"column":12},"end":{"line":7,"column":null}}},"fnMap":{"0":{"name":"(anonymous_0)","decl":{"start":{"line":1,"column":7},"end":{"line":1,"column":12}},"loc":{"start":{"line":1,"column":7},"end":{"line":1,"column":null}},"line":1},"1":{"name":"(anonymous_1)","decl":{"start":{"line":7,"column":7},"end":{"line":7,"column":12}},"loc":{"start":{"line":7,"column":7},"end":{"line":7,"column":null}},"line":7}},"branchMap":{"0":{"loc":{"start":{"line":1,"column":12},"end":{"line":1,"column":null}},"type":"binary-expr","locations":[{"start":{"line":1,"column":12},"end":{"line":1,"column":null}},{"start":{"line":1,"column":12},"end":{"line":1,"column":null}}],"line":1},"1":{"loc":{"start":{"line":7,"column":12},"end":{"line":7,"column":null}},"type":"binary-expr","locations":[{"start":{"line":7,"column":12},"end":{"line":7,"column":null}},{"start":{"line":7,"column":12},"end":{"line":7,"column":null}}],"line":7}},"s":{"0":1,"1":1,"2":1,"3":1,"4":1,"5":1,"6":1,"7":1,"8":1},"f":{"0":1,"1":1},"b":{"0":[1,1],"1":[1,1]},"meta":{"lastBranch":2,"lastFunction":2,"lastStatement":9,"seen":{"s:1:7:1:Infinity":0,"f:1:7:1:12":0,"s:2:2:2:Infinity":1,"s:3:2:3:Infinity":2,"s:4:2:4:Infinity":3,"s:1:12:1:Infinity":4,"b:1:12:1:Infinity:1:12:1:Infinity":0,"s:7:7:7:Infinity":5,"f:7:7:7:12":1,"s:8:2:8:Infinity":6,"s:9:2:9:Infinity":7,"s:7:12:7:Infinity":8,"b:7:12:7:Infinity:7:12:7:Infinity":1}}}
,"D:\\Proyectos\\ApunTiti\\src\\components\\CalendarView.tsx": {"path":"D:\\Proyectos\\ApunTiti\\src\\components\\CalendarView.tsx","statementMap":{"0":{"start":{"line":27,"column":23},"end":{"line":28,"column":null}},"1":{"start":{"line":28,"column":2},"end":{"line":28,"column":null}},"2":{"start":{"line":36,"column":27},"end":{"line":37,"column":null}},"3":{"start":{"line":37,"column":2},"end":{"line":37,"column":null}},"4":{"start":{"line":43,"column":38},"end":{"line":886,"column":null}},"5":{"start":{"line":45,"column":8},"end":{"line":45,"column":null}},"6":{"start":{"line":45,"column":40},"end":{"line":45,"column":52}},"7":{"start":{"line":46,"column":8},"end":{"line":46,"column":null}},"8":{"start":{"line":46,"column":43},"end":{"line":46,"column":58}},"9":{"start":{"line":47,"column":8},"end":{"line":47,"column":null}},"10":{"start":{"line":47,"column":42},"end":{"line":47,"column":56}},"11":{"start":{"line":48,"column":8},"end":{"line":48,"column":null}},"12":{"start":{"line":48,"column":40},"end":{"line":48,"column":52}},"13":{"start":{"line":50,"column":24},"end":{"line":50,"column":null}},"14":{"start":{"line":52,"column":21},"end":{"line":52,"column":null}},"15":{"start":{"line":53,"column":30},"end":{"line":53,"column":null}},"16":{"start":{"line":54,"column":36},"end":{"line":54,"column":null}},"17":{"start":{"line":55,"column":38},"end":{"line":55,"column":null}},"18":{"start":{"line":57,"column":34},"end":{"line":57,"column":null}},"19":{"start":{"line":58,"column":30},"end":{"line":58,"column":null}},"20":{"start":{"line":61,"column":42},"end":{"line":61,"column":null}},"21":{"start":{"line":62,"column":42},"end":{"line":62,"column":null}},"22":{"start":{"line":64,"column":40},"end":{"line":64,"column":null}},"23":{"start":{"line":65,"column":40},"end":{"line":65,"column":null}},"24":{"start":{"line":66,"column":34},"end":{"line":66,"column":null}},"25":{"start":{"line":67,"column":38},"end":{"line":67,"column":null}},"26":{"start":{"line":69,"column":15},"end":{"line":69,"column":null}},"27":{"start":{"line":70,"column":16},"end":{"line":70,"column":null}},"28":{"start":{"line":72,"column":8},"end":{"line":77,"column":null}},"29":{"start":{"line":73,"column":4},"end":{"line":76,"column":null}},"30":{"start":{"line":74,"column":6},"end":{"line":74,"column":null}},"31":{"start":{"line":75,"column":6},"end":{"line":75,"column":null}},"32":{"start":{"line":80,"column":8},"end":{"line":107,"column":null}},"33":{"start":{"line":81,"column":4},"end":{"line":81,"column":null}},"34":{"start":{"line":81,"column":34},"end":{"line":81,"column":null}},"35":{"start":{"line":83,"column":18},"end":{"line":83,"column":null}},"36":{"start":{"line":84,"column":16},"end":{"line":84,"column":null}},"37":{"start":{"line":85,"column":27},"end":{"line":85,"column":null}},"38":{"start":{"line":87,"column":4},"end":{"line":104,"column":null}},"39":{"start":{"line":88,"column":19},"end":{"line":88,"column":null}},"40":{"start":{"line":89,"column":6},"end":{"line":103,"column":null}},"41":{"start":{"line":91,"column":26},"end":{"line":91,"column":null}},"42":{"start":{"line":92,"column":33},"end":{"line":98,"column":null}},"43":{"start":{"line":94,"column":12},"end":{"line":94,"column":null}},"44":{"start":{"line":96,"column":12},"end":{"line":96,"column":null}},"45":{"start":{"line":97,"column":10},"end":{"line":97,"column":null}},"46":{"start":{"line":100,"column":8},"end":{"line":102,"column":null}},"47":{"start":{"line":101,"column":10},"end":{"line":101,"column":null}},"48":{"start":{"line":106,"column":4},"end":{"line":106,"column":null}},"49":{"start":{"line":106,"column":33},"end":{"line":106,"column":58}},"50":{"start":{"line":110,"column":8},"end":{"line":118,"column":null}},"51":{"start":{"line":111,"column":22},"end":{"line":111,"column":null}},"52":{"start":{"line":112,"column":4},"end":{"line":116,"column":null}},"53":{"start":{"line":113,"column":6},"end":{"line":115,"column":null}},"54":{"start":{"line":114,"column":8},"end":{"line":114,"column":null}},"55":{"start":{"line":117,"column":4},"end":{"line":117,"column":null}},"56":{"start":{"line":117,"column":48},"end":{"line":117,"column":53}},"57":{"start":{"line":121,"column":8},"end":{"line":137,"column":null}},"58":{"start":{"line":122,"column":21},"end":{"line":122,"column":null}},"59":{"start":{"line":123,"column":4},"end":{"line":133,"column":null}},"60":{"start":{"line":124,"column":26},"end":{"line":124,"column":null}},"61":{"start":{"line":125,"column":18},"end":{"line":125,"column":null}},"62":{"start":{"line":126,"column":19},"end":{"line":126,"column":null}},"63":{"start":{"line":127,"column":6},"end":{"line":127,"column":null}},"64":{"start":{"line":128,"column":6},"end":{"line":128,"column":null}},"65":{"start":{"line":129,"column":12},"end":{"line":129,"column":null}},"66":{"start":{"line":130,"column":6},"end":{"line":132,"column":null}},"67":{"start":{"line":131,"column":8},"end":{"line":131,"column":null}},"68":{"start":{"line":134,"column":4},"end":{"line":136,"column":null}},"69":{"start":{"line":135,"column":16},"end":{"line":135,"column":null}},"70":{"start":{"line":140,"column":8},"end":{"line":155,"column":null}},"71":{"start":{"line":141,"column":4},"end":{"line":141,"column":null}},"72":{"start":{"line":141,"column":34},"end":{"line":141,"column":null}},"73":{"start":{"line":143,"column":18},"end":{"line":143,"column":null}},"74":{"start":{"line":144,"column":16},"end":{"line":144,"column":null}},"75":{"start":{"line":145,"column":28},"end":{"line":145,"column":null}},"76":{"start":{"line":146,"column":21},"end":{"line":146,"column":null}},"77":{"start":{"line":148,"column":18},"end":{"line":148,"column":null}},"78":{"start":{"line":149,"column":4},"end":{"line":153,"column":null}},"79":{"start":{"line":149,"column":17},"end":{"line":149,"column":20}},"80":{"start":{"line":150,"column":16},"end":{"line":150,"column":null}},"81":{"start":{"line":151,"column":6},"end":{"line":151,"column":null}},"82":{"start":{"line":152,"column":6},"end":{"line":152,"column":null}},"83":{"start":{"line":154,"column":4},"end":{"line":154,"column":null}},"84":{"start":{"line":157,"column":8},"end":{"line":176,"column":null}},"85":{"start":{"line":158,"column":26},"end":{"line":158,"column":null}},"86":{"start":{"line":159,"column":26},"end":{"line":159,"column":null}},"87":{"start":{"line":161,"column":4},"end":{"line":173,"column":null}},"88":{"start":{"line":162,"column":12},"end":{"line":162,"column":null}},"89":{"start":{"line":163,"column":24},"end":{"line":163,"column":null}},"90":{"start":{"line":164,"column":6},"end":{"line":172,"column":null}},"91":{"start":{"line":165,"column":14},"end":{"line":165,"column":null}},"92":{"start":{"line":166,"column":8},"end":{"line":166,"column":null}},"93":{"start":{"line":167,"column":8},"end":{"line":171,"column":null}},"94":{"start":{"line":168,"column":24},"end":{"line":168,"column":null}},"95":{"start":{"line":168,"column":46},"end":{"line":168,"column":67}},"96":{"start":{"line":169,"column":24},"end":{"line":169,"column":null}},"97":{"start":{"line":170,"column":10},"end":{"line":170,"column":null}},"98":{"start":{"line":175,"column":4},"end":{"line":175,"column":null}},"99":{"start":{"line":179,"column":8},"end":{"line":265,"column":null}},"100":{"start":{"line":180,"column":21},"end":{"line":180,"column":null}},"101":{"start":{"line":181,"column":21},"end":{"line":181,"column":null}},"102":{"start":{"line":182,"column":20},"end":{"line":182,"column":null}},"103":{"start":{"line":185,"column":27},"end":{"line":189,"column":null}},"104":{"start":{"line":186,"column":28},"end":{"line":186,"column":null}},"105":{"start":{"line":187,"column":28},"end":{"line":187,"column":null}},"106":{"start":{"line":188,"column":6},"end":{"line":188,"column":null}},"107":{"start":{"line":191,"column":4},"end":{"line":253,"column":null}},"108":{"start":{"line":192,"column":6},"end":{"line":192,"column":null}},"109":{"start":{"line":193,"column":6},"end":{"line":204,"column":null}},"110":{"start":{"line":194,"column":18},"end":{"line":194,"column":null}},"111":{"start":{"line":195,"column":8},"end":{"line":203,"column":null}},"112":{"start":{"line":196,"column":16},"end":{"line":196,"column":null}},"113":{"start":{"line":197,"column":10},"end":{"line":197,"column":null}},"114":{"start":{"line":198,"column":10},"end":{"line":202,"column":null}},"115":{"start":{"line":199,"column":26},"end":{"line":199,"column":null}},"116":{"start":{"line":199,"column":48},"end":{"line":199,"column":69}},"117":{"start":{"line":200,"column":26},"end":{"line":200,"column":null}},"118":{"start":{"line":201,"column":12},"end":{"line":201,"column":null}},"119":{"start":{"line":205,"column":4},"end":{"line":253,"column":null}},"120":{"start":{"line":206,"column":6},"end":{"line":206,"column":null}},"121":{"start":{"line":207,"column":6},"end":{"line":218,"column":null}},"122":{"start":{"line":208,"column":18},"end":{"line":208,"column":null}},"123":{"start":{"line":209,"column":8},"end":{"line":217,"column":null}},"124":{"start":{"line":210,"column":16},"end":{"line":210,"column":null}},"125":{"start":{"line":211,"column":10},"end":{"line":211,"column":null}},"126":{"start":{"line":212,"column":10},"end":{"line":216,"column":null}},"127":{"start":{"line":213,"column":26},"end":{"line":213,"column":null}},"128":{"start":{"line":213,"column":48},"end":{"line":213,"column":69}},"129":{"start":{"line":214,"column":26},"end":{"line":214,"column":null}},"130":{"start":{"line":215,"column":12},"end":{"line":215,"column":null}},"131":{"start":{"line":219,"column":4},"end":{"line":253,"column":null}},"132":{"start":{"line":220,"column":6},"end":{"line":220,"column":null}},"133":{"start":{"line":221,"column":26},"end":{"line":221,"column":null}},"134":{"start":{"line":222,"column":18},"end":{"line":222,"column":null}},"135":{"start":{"line":223,"column":19},"end":{"line":223,"column":null}},"136":{"start":{"line":224,"column":6},"end":{"line":224,"column":null}},"137":{"start":{"line":225,"column":24},"end":{"line":225,"column":null}},"138":{"start":{"line":226,"column":6},"end":{"line":226,"column":null}},"139":{"start":{"line":228,"column":6},"end":{"line":239,"column":null}},"140":{"start":{"line":229,"column":18},"end":{"line":229,"column":null}},"141":{"start":{"line":230,"column":8},"end":{"line":238,"column":null}},"142":{"start":{"line":231,"column":16},"end":{"line":231,"column":null}},"143":{"start":{"line":232,"column":10},"end":{"line":232,"column":null}},"144":{"start":{"line":233,"column":10},"end":{"line":237,"column":null}},"145":{"start":{"line":234,"column":26},"end":{"line":234,"column":null}},"146":{"start":{"line":234,"column":48},"end":{"line":234,"column":69}},"147":{"start":{"line":235,"column":26},"end":{"line":235,"column":null}},"148":{"start":{"line":236,"column":12},"end":{"line":236,"column":null}},"149":{"start":{"line":240,"column":4},"end":{"line":253,"column":null}},"150":{"start":{"line":241,"column":6},"end":{"line":241,"column":null}},"151":{"start":{"line":242,"column":12},"end":{"line":242,"column":null}},"152":{"start":{"line":243,"column":24},"end":{"line":243,"column":null}},"153":{"start":{"line":243,"column":53},"end":{"line":243,"column":71}},"154":{"start":{"line":244,"column":6},"end":{"line":252,"column":null}},"155":{"start":{"line":245,"column":14},"end":{"line":245,"column":null}},"156":{"start":{"line":246,"column":8},"end":{"line":246,"column":null}},"157":{"start":{"line":247,"column":8},"end":{"line":251,"column":null}},"158":{"start":{"line":248,"column":24},"end":{"line":248,"column":null}},"159":{"start":{"line":248,"column":46},"end":{"line":248,"column":67}},"160":{"start":{"line":249,"column":24},"end":{"line":249,"column":null}},"161":{"start":{"line":250,"column":10},"end":{"line":250,"column":null}},"162":{"start":{"line":255,"column":4},"end":{"line":255,"column":null}},"163":{"start":{"line":267,"column":8},"end":{"line":270,"column":null}},"164":{"start":{"line":268,"column":4},"end":{"line":268,"column":null}},"165":{"start":{"line":272,"column":8},"end":{"line":277,"column":null}},"166":{"start":{"line":273,"column":4},"end":{"line":273,"column":null}},"167":{"start":{"line":274,"column":4},"end":{"line":274,"column":null}},"168":{"start":{"line":275,"column":4},"end":{"line":275,"column":null}},"169":{"start":{"line":276,"column":4},"end":{"line":276,"column":null}},"170":{"start":{"line":279,"column":8},"end":{"line":333,"column":null}},"171":{"start":{"line":280,"column":20},"end":{"line":280,"column":null}},"172":{"start":{"line":283,"column":4},"end":{"line":320,"column":null}},"173":{"start":{"line":284,"column":6},"end":{"line":313,"column":null}},"174":{"start":{"line":285,"column":8},"end":{"line":285,"column":null}},"175":{"start":{"line":286,"column":6},"end":{"line":313,"column":null}},"176":{"start":{"line":288,"column":34},"end":{"line":288,"column":null}},"177":{"start":{"line":289,"column":8},"end":{"line":292,"column":null}},"178":{"start":{"line":290,"column":28},"end":{"line":290,"column":null}},"179":{"start":{"line":291,"column":10},"end":{"line":291,"column":null}},"180":{"start":{"line":293,"column":6},"end":{"line":313,"column":null}},"181":{"start":{"line":295,"column":14},"end":{"line":295,"column":null}},"182":{"start":{"line":296,"column":33},"end":{"line":298,"column":null}},"183":{"start":{"line":297,"column":11},"end":{"line":297,"column":null}},"184":{"start":{"line":299,"column":8},"end":{"line":302,"column":null}},"185":{"start":{"line":300,"column":10},"end":{"line":300,"column":null}},"186":{"start":{"line":301,"column":10},"end":{"line":301,"column":null}},"187":{"start":{"line":303,"column":6},"end":{"line":313,"column":null}},"188":{"start":{"line":305,"column":14},"end":{"line":305,"column":null}},"189":{"start":{"line":306,"column":32},"end":{"line":308,"column":null}},"190":{"start":{"line":307,"column":11},"end":{"line":307,"column":null}},"191":{"start":{"line":309,"column":8},"end":{"line":312,"column":null}},"192":{"start":{"line":310,"column":10},"end":{"line":310,"column":null}},"193":{"start":{"line":311,"column":10},"end":{"line":311,"column":null}},"194":{"start":{"line":316,"column":6},"end":{"line":316,"column":null}},"195":{"start":{"line":316,"column":31},"end":{"line":316,"column":null}},"196":{"start":{"line":317,"column":6},"end":{"line":317,"column":null}},"197":{"start":{"line":317,"column":32},"end":{"line":317,"column":null}},"198":{"start":{"line":318,"column":6},"end":{"line":318,"column":null}},"199":{"start":{"line":318,"column":31},"end":{"line":318,"column":null}},"200":{"start":{"line":319,"column":6},"end":{"line":319,"column":null}},"201":{"start":{"line":319,"column":30},"end":{"line":319,"column":null}},"202":{"start":{"line":322,"column":4},"end":{"line":322,"column":null}},"203":{"start":{"line":335,"column":8},"end":{"line":389,"column":null}},"204":{"start":{"line":336,"column":20},"end":{"line":336,"column":null}},"205":{"start":{"line":339,"column":4},"end":{"line":376,"column":null}},"206":{"start":{"line":340,"column":6},"end":{"line":369,"column":null}},"207":{"start":{"line":341,"column":8},"end":{"line":341,"column":null}},"208":{"start":{"line":342,"column":6},"end":{"line":369,"column":null}},"209":{"start":{"line":344,"column":34},"end":{"line":344,"column":null}},"210":{"start":{"line":345,"column":8},"end":{"line":348,"column":null}},"211":{"start":{"line":346,"column":28},"end":{"line":346,"column":null}},"212":{"start":{"line":347,"column":10},"end":{"line":347,"column":null}},"213":{"start":{"line":349,"column":6},"end":{"line":369,"column":null}},"214":{"start":{"line":351,"column":14},"end":{"line":351,"column":null}},"215":{"start":{"line":352,"column":33},"end":{"line":354,"column":null}},"216":{"start":{"line":353,"column":11},"end":{"line":353,"column":null}},"217":{"start":{"line":355,"column":8},"end":{"line":358,"column":null}},"218":{"start":{"line":356,"column":10},"end":{"line":356,"column":null}},"219":{"start":{"line":357,"column":10},"end":{"line":357,"column":null}},"220":{"start":{"line":359,"column":6},"end":{"line":369,"column":null}},"221":{"start":{"line":361,"column":14},"end":{"line":361,"column":null}},"222":{"start":{"line":362,"column":32},"end":{"line":364,"column":null}},"223":{"start":{"line":363,"column":11},"end":{"line":363,"column":null}},"224":{"start":{"line":365,"column":8},"end":{"line":368,"column":null}},"225":{"start":{"line":366,"column":10},"end":{"line":366,"column":null}},"226":{"start":{"line":367,"column":10},"end":{"line":367,"column":null}},"227":{"start":{"line":372,"column":6},"end":{"line":372,"column":null}},"228":{"start":{"line":372,"column":31},"end":{"line":372,"column":null}},"229":{"start":{"line":373,"column":6},"end":{"line":373,"column":null}},"230":{"start":{"line":373,"column":32},"end":{"line":373,"column":null}},"231":{"start":{"line":374,"column":6},"end":{"line":374,"column":null}},"232":{"start":{"line":374,"column":31},"end":{"line":374,"column":null}},"233":{"start":{"line":375,"column":6},"end":{"line":375,"column":null}},"234":{"start":{"line":375,"column":30},"end":{"line":375,"column":null}},"235":{"start":{"line":378,"column":4},"end":{"line":378,"column":null}},"236":{"start":{"line":391,"column":8},"end":{"line":400,"column":null}},"237":{"start":{"line":393,"column":6},"end":{"line":393,"column":null}},"238":{"start":{"line":394,"column":6},"end":{"line":394,"column":null}},"239":{"start":{"line":395,"column":6},"end":{"line":395,"column":null}},"240":{"start":{"line":396,"column":6},"end":{"line":396,"column":null}},"241":{"start":{"line":397,"column":6},"end":{"line":397,"column":null}},"242":{"start":{"line":397,"column":30},"end":{"line":397,"column":null}},"243":{"start":{"line":402,"column":33},"end":{"line":405,"column":null}},"244":{"start":{"line":403,"column":4},"end":{"line":403,"column":null}},"245":{"start":{"line":404,"column":4},"end":{"line":404,"column":null}},"246":{"start":{"line":404,"column":24},"end":{"line":404,"column":null}},"247":{"start":{"line":407,"column":31},"end":{"line":410,"column":null}},"248":{"start":{"line":408,"column":4},"end":{"line":408,"column":null}},"249":{"start":{"line":409,"column":4},"end":{"line":409,"column":null}},"250":{"start":{"line":409,"column":24},"end":{"line":409,"column":null}},"251":{"start":{"line":412,"column":8},"end":{"line":415,"column":null}},"252":{"start":{"line":413,"column":4},"end":{"line":413,"column":null}},"253":{"start":{"line":414,"column":4},"end":{"line":414,"column":null}},"254":{"start":{"line":417,"column":23},"end":{"line":424,"column":null}},"255":{"start":{"line":418,"column":4},"end":{"line":423,"column":null}},"256":{"start":{"line":419,"column":6},"end":{"line":419,"column":null}},"257":{"start":{"line":419,"column":26},"end":{"line":419,"column":68}},"258":{"start":{"line":419,"column":45},"end":{"line":419,"column":67}},"259":{"start":{"line":420,"column":6},"end":{"line":420,"column":null}},"260":{"start":{"line":421,"column":6},"end":{"line":421,"column":null}},"261":{"start":{"line":422,"column":6},"end":{"line":422,"column":null}},"262":{"start":{"line":426,"column":8},"end":{"line":429,"column":null}},"263":{"start":{"line":427,"column":4},"end":{"line":427,"column":null}},"264":{"start":{"line":428,"column":4},"end":{"line":428,"column":null}},"265":{"start":{"line":431,"column":8},"end":{"line":441,"column":null}},"266":{"start":{"line":433,"column":6},"end":{"line":435,"column":null}},"267":{"start":{"line":434,"column":8},"end":{"line":434,"column":null}},"268":{"start":{"line":434,"column":25},"end":{"line":434,"column":69}},"269":{"start":{"line":436,"column":6},"end":{"line":436,"column":null}},"270":{"start":{"line":437,"column":6},"end":{"line":437,"column":null}},"271":{"start":{"line":438,"column":6},"end":{"line":438,"column":null}},"272":{"start":{"line":445,"column":36},"end":{"line":472,"column":null}},"273":{"start":{"line":446,"column":25},"end":{"line":446,"column":null}},"274":{"start":{"line":447,"column":16},"end":{"line":447,"column":null}},"275":{"start":{"line":449,"column":4},"end":{"line":470,"column":null}},"276":{"start":{"line":450,"column":6},"end":{"line":452,"column":null}},"277":{"start":{"line":451,"column":15},"end":{"line":451,"column":null}},"278":{"start":{"line":453,"column":6},"end":{"line":453,"column":null}},"279":{"start":{"line":454,"column":4},"end":{"line":470,"column":null}},"280":{"start":{"line":455,"column":6},"end":{"line":457,"column":null}},"281":{"start":{"line":456,"column":15},"end":{"line":456,"column":null}},"282":{"start":{"line":458,"column":6},"end":{"line":458,"column":null}},"283":{"start":{"line":459,"column":4},"end":{"line":470,"column":null}},"284":{"start":{"line":460,"column":6},"end":{"line":463,"column":null}},"285":{"start":{"line":461,"column":18},"end":{"line":461,"column":null}},"286":{"start":{"line":462,"column":8},"end":{"line":462,"column":null}},"287":{"start":{"line":464,"column":6},"end":{"line":464,"column":null}},"288":{"start":{"line":465,"column":4},"end":{"line":470,"column":null}},"289":{"start":{"line":466,"column":6},"end":{"line":468,"column":null}},"290":{"start":{"line":467,"column":15},"end":{"line":467,"column":null}},"291":{"start":{"line":469,"column":6},"end":{"line":469,"column":null}},"292":{"start":{"line":471,"column":4},"end":{"line":471,"column":null}},"293":{"start":{"line":474,"column":21},"end":{"line":491,"column":null}},"294":{"start":{"line":475,"column":38},"end":{"line":475,"column":null}},"295":{"start":{"line":477,"column":4},"end":{"line":490,"column":null}},"296":{"start":{"line":478,"column":6},"end":{"line":478,"column":null}},"297":{"start":{"line":479,"column":6},"end":{"line":479,"column":null}},"298":{"start":{"line":480,"column":6},"end":{"line":483,"column":null}},"299":{"start":{"line":485,"column":6},"end":{"line":485,"column":null}},"300":{"start":{"line":486,"column":6},"end":{"line":489,"column":null}},"301":{"start":{"line":493,"column":28},"end":{"line":525,"column":null}},"302":{"start":{"line":495,"column":19},"end":{"line":495,"column":null}},"303":{"start":{"line":496,"column":17},"end":{"line":515,"column":null}},"304":{"start":{"line":498,"column":23},"end":{"line":498,"column":null}},"305":{"start":{"line":499,"column":20},"end":{"line":499,"column":null}},"306":{"start":{"line":500,"column":8},"end":{"line":504,"column":null}},"307":{"start":{"line":501,"column":24},"end":{"line":501,"column":null}},"308":{"start":{"line":501,"column":46},"end":{"line":501,"column":67}},"309":{"start":{"line":502,"column":10},"end":{"line":502,"column":null}},"310":{"start":{"line":503,"column":10},"end":{"line":503,"column":null}},"311":{"start":{"line":506,"column":14},"end":{"line":506,"column":null}},"312":{"start":{"line":507,"column":14},"end":{"line":507,"column":null}},"313":{"start":{"line":508,"column":23},"end":{"line":508,"column":null}},"314":{"start":{"line":509,"column":8},"end":{"line":513,"column":null}},"315":{"start":{"line":517,"column":20},"end":{"line":517,"column":null}},"316":{"start":{"line":518,"column":17},"end":{"line":518,"column":null}},"317":{"start":{"line":519,"column":4},"end":{"line":519,"column":null}},"318":{"start":{"line":520,"column":4},"end":{"line":520,"column":null}},"319":{"start":{"line":521,"column":4},"end":{"line":521,"column":null}},"320":{"start":{"line":522,"column":4},"end":{"line":522,"column":null}},"321":{"start":{"line":523,"column":4},"end":{"line":523,"column":null}},"322":{"start":{"line":524,"column":4},"end":{"line":524,"column":null}},"323":{"start":{"line":527,"column":2},"end":{"line":884,"column":null}},"324":{"start":{"line":536,"column":14},"end":{"line":549,"column":null}},"325":{"start":{"line":538,"column":31},"end":{"line":538,"column":null}},"326":{"start":{"line":615,"column":14},"end":{"line":615,"column":null}},"327":{"start":{"line":616,"column":14},"end":{"line":616,"column":null}},"328":{"start":{"line":662,"column":57},"end":{"line":665,"column":16}},"329":{"start":{"line":675,"column":42},"end":{"line":678,"column":18}},"330":{"start":{"line":746,"column":24},"end":{"line":746,"column":null}},"331":{"start":{"line":757,"column":31},"end":{"line":757,"column":null}},"332":{"start":{"line":770,"column":18},"end":{"line":770,"column":null}},"333":{"start":{"line":777,"column":18},"end":{"line":777,"column":null}},"334":{"start":{"line":790,"column":18},"end":{"line":793,"column":null}},"335":{"start":{"line":801,"column":18},"end":{"line":801,"column":null}},"336":{"start":{"line":810,"column":20},"end":{"line":813,"column":null}},"337":{"start":{"line":818,"column":20},"end":{"line":820,"column":null}},"338":{"start":{"line":830,"column":20},"end":{"line":830,"column":null}},"339":{"start":{"line":837,"column":57},"end":{"line":837,"column":79}},"340":{"start":{"line":842,"column":31},"end":{"line":842,"column":null}}},"fnMap":{"0":{"name":"(anonymous_0)","decl":{"start":{"line":27,"column":23},"end":{"line":27,"column":24}},"loc":{"start":{"line":28,"column":2},"end":{"line":28,"column":null}},"line":28},"1":{"name":"(anonymous_1)","decl":{"start":{"line":36,"column":27},"end":{"line":36,"column":28}},"loc":{"start":{"line":37,"column":2},"end":{"line":37,"column":null}},"line":37},"2":{"name":"(anonymous_2)","decl":{"start":{"line":43,"column":38},"end":{"line":43,"column":44}},"loc":{"start":{"line":43,"column":44},"end":{"line":886,"column":null}},"line":43},"3":{"name":"(anonymous_3)","decl":{"start":{"line":45,"column":29},"end":{"line":45,"column":30}},"loc":{"start":{"line":45,"column":40},"end":{"line":45,"column":52}},"line":45},"4":{"name":"(anonymous_4)","decl":{"start":{"line":46,"column":32},"end":{"line":46,"column":33}},"loc":{"start":{"line":46,"column":43},"end":{"line":46,"column":58}},"line":46},"5":{"name":"(anonymous_5)","decl":{"start":{"line":47,"column":31},"end":{"line":47,"column":32}},"loc":{"start":{"line":47,"column":42},"end":{"line":47,"column":56}},"line":47},"6":{"name":"(anonymous_6)","decl":{"start":{"line":48,"column":29},"end":{"line":48,"column":30}},"loc":{"start":{"line":48,"column":40},"end":{"line":48,"column":52}},"line":48},"7":{"name":"(anonymous_7)","decl":{"start":{"line":72,"column":31},"end":{"line":72,"column":37}},"loc":{"start":{"line":72,"column":37},"end":{"line":77,"column":5}},"line":72},"8":{"name":"(anonymous_8)","decl":{"start":{"line":73,"column":25},"end":{"line":73,"column":26}},"loc":{"start":{"line":73,"column":41},"end":{"line":76,"column":7}},"line":73},"9":{"name":"(anonymous_9)","decl":{"start":{"line":80,"column":37},"end":{"line":80,"column":43}},"loc":{"start":{"line":80,"column":43},"end":{"line":107,"column":5}},"line":80},"10":{"name":"(anonymous_10)","decl":{"start":{"line":87,"column":38},"end":{"line":87,"column":39}},"loc":{"start":{"line":87,"column":51},"end":{"line":104,"column":5}},"line":87},"11":{"name":"(anonymous_11)","decl":{"start":{"line":92,"column":48},"end":{"line":92,"column":49}},"loc":{"start":{"line":92,"column":59},"end":{"line":98,"column":9}},"line":92},"12":{"name":"(anonymous_12)","decl":{"start":{"line":106,"column":23},"end":{"line":106,"column":24}},"loc":{"start":{"line":106,"column":33},"end":{"line":106,"column":58}},"line":106},"13":{"name":"(anonymous_13)","decl":{"start":{"line":110,"column":38},"end":{"line":110,"column":44}},"loc":{"start":{"line":110,"column":44},"end":{"line":118,"column":5}},"line":110},"14":{"name":"(anonymous_14)","decl":{"start":{"line":112,"column":31},"end":{"line":112,"column":32}},"loc":{"start":{"line":112,"column":41},"end":{"line":116,"column":5}},"line":112},"15":{"name":"(anonymous_15)","decl":{"start":{"line":117,"column":38},"end":{"line":117,"column":39}},"loc":{"start":{"line":117,"column":48},"end":{"line":117,"column":53}},"line":117},"16":{"name":"(anonymous_16)","decl":{"start":{"line":121,"column":37},"end":{"line":121,"column":43}},"loc":{"start":{"line":121,"column":43},"end":{"line":137,"column":5}},"line":121},"17":{"name":"(anonymous_17)","decl":{"start":{"line":123,"column":31},"end":{"line":123,"column":32}},"loc":{"start":{"line":123,"column":41},"end":{"line":133,"column":5}},"line":123},"18":{"name":"(anonymous_18)","decl":{"start":{"line":135,"column":6},"end":{"line":135,"column":7}},"loc":{"start":{"line":135,"column":16},"end":{"line":135,"column":null}},"line":135},"19":{"name":"(anonymous_19)","decl":{"start":{"line":140,"column":28},"end":{"line":140,"column":34}},"loc":{"start":{"line":140,"column":34},"end":{"line":155,"column":5}},"line":140},"20":{"name":"(anonymous_20)","decl":{"start":{"line":157,"column":30},"end":{"line":157,"column":36}},"loc":{"start":{"line":157,"column":36},"end":{"line":176,"column":5}},"line":157},"21":{"name":"(anonymous_21)","decl":{"start":{"line":161,"column":22},"end":{"line":161,"column":23}},"loc":{"start":{"line":161,"column":29},"end":{"line":173,"column":5}},"line":161},"22":{"name":"(anonymous_22)","decl":{"start":{"line":164,"column":24},"end":{"line":164,"column":25}},"loc":{"start":{"line":164,"column":31},"end":{"line":172,"column":7}},"line":164},"23":{"name":"(anonymous_23)","decl":{"start":{"line":168,"column":39},"end":{"line":168,"column":40}},"loc":{"start":{"line":168,"column":46},"end":{"line":168,"column":67}},"line":168},"24":{"name":"(anonymous_24)","decl":{"start":{"line":179,"column":36},"end":{"line":179,"column":42}},"loc":{"start":{"line":179,"column":42},"end":{"line":256,"column":5}},"line":179},"25":{"name":"(anonymous_25)","decl":{"start":{"line":185,"column":41},"end":{"line":185,"column":42}},"loc":{"start":{"line":185,"column":48},"end":{"line":189,"column":5}},"line":185},"26":{"name":"(anonymous_26)","decl":{"start":{"line":193,"column":29},"end":{"line":193,"column":30}},"loc":{"start":{"line":193,"column":36},"end":{"line":204,"column":7}},"line":193},"27":{"name":"(anonymous_27)","decl":{"start":{"line":199,"column":41},"end":{"line":199,"column":42}},"loc":{"start":{"line":199,"column":48},"end":{"line":199,"column":69}},"line":199},"28":{"name":"(anonymous_28)","decl":{"start":{"line":207,"column":29},"end":{"line":207,"column":30}},"loc":{"start":{"line":207,"column":36},"end":{"line":218,"column":7}},"line":207},"29":{"name":"(anonymous_29)","decl":{"start":{"line":213,"column":41},"end":{"line":213,"column":42}},"loc":{"start":{"line":213,"column":48},"end":{"line":213,"column":69}},"line":213},"30":{"name":"(anonymous_30)","decl":{"start":{"line":228,"column":29},"end":{"line":228,"column":30}},"loc":{"start":{"line":228,"column":36},"end":{"line":239,"column":7}},"line":228},"31":{"name":"(anonymous_31)","decl":{"start":{"line":234,"column":41},"end":{"line":234,"column":42}},"loc":{"start":{"line":234,"column":48},"end":{"line":234,"column":69}},"line":234},"32":{"name":"(anonymous_32)","decl":{"start":{"line":243,"column":46},"end":{"line":243,"column":47}},"loc":{"start":{"line":243,"column":53},"end":{"line":243,"column":71}},"line":243},"33":{"name":"(anonymous_33)","decl":{"start":{"line":244,"column":24},"end":{"line":244,"column":25}},"loc":{"start":{"line":244,"column":31},"end":{"line":252,"column":7}},"line":244},"34":{"name":"(anonymous_34)","decl":{"start":{"line":248,"column":39},"end":{"line":248,"column":40}},"loc":{"start":{"line":248,"column":46},"end":{"line":248,"column":67}},"line":248},"35":{"name":"(anonymous_35)","decl":{"start":{"line":267,"column":39},"end":{"line":267,"column":40}},"loc":{"start":{"line":267,"column":67},"end":{"line":270,"column":5}},"line":267},"36":{"name":"(anonymous_36)","decl":{"start":{"line":272,"column":39},"end":{"line":272,"column":45}},"loc":{"start":{"line":272,"column":45},"end":{"line":277,"column":5}},"line":272},"37":{"name":"(anonymous_37)","decl":{"start":{"line":279,"column":33},"end":{"line":279,"column":39}},"loc":{"start":{"line":279,"column":39},"end":{"line":323,"column":5}},"line":279},"38":{"name":"(anonymous_38)","decl":{"start":{"line":297,"column":10},"end":{"line":297,"column":11}},"loc":{"start":{"line":297,"column":11},"end":{"line":297,"column":null}},"line":297},"39":{"name":"(anonymous_39)","decl":{"start":{"line":307,"column":10},"end":{"line":307,"column":11}},"loc":{"start":{"line":307,"column":11},"end":{"line":307,"column":null}},"line":307},"40":{"name":"(anonymous_40)","decl":{"start":{"line":335,"column":33},"end":{"line":335,"column":39}},"loc":{"start":{"line":335,"column":39},"end":{"line":379,"column":5}},"line":335},"41":{"name":"(anonymous_41)","decl":{"start":{"line":353,"column":10},"end":{"line":353,"column":11}},"loc":{"start":{"line":353,"column":11},"end":{"line":353,"column":null}},"line":353},"42":{"name":"(anonymous_42)","decl":{"start":{"line":363,"column":10},"end":{"line":363,"column":11}},"loc":{"start":{"line":363,"column":11},"end":{"line":363,"column":null}},"line":363},"43":{"name":"(anonymous_43)","decl":{"start":{"line":392,"column":4},"end":{"line":392,"column":5}},"loc":{"start":{"line":392,"column":20},"end":{"line":398,"column":null}},"line":392},"44":{"name":"(anonymous_44)","decl":{"start":{"line":402,"column":33},"end":{"line":402,"column":34}},"loc":{"start":{"line":402,"column":77},"end":{"line":405,"column":null}},"line":402},"45":{"name":"(anonymous_45)","decl":{"start":{"line":407,"column":31},"end":{"line":407,"column":32}},"loc":{"start":{"line":407,"column":75},"end":{"line":410,"column":null}},"line":407},"46":{"name":"(anonymous_46)","decl":{"start":{"line":412,"column":36},"end":{"line":412,"column":37}},"loc":{"start":{"line":412,"column":52},"end":{"line":415,"column":5}},"line":412},"47":{"name":"(anonymous_47)","decl":{"start":{"line":417,"column":23},"end":{"line":417,"column":29}},"loc":{"start":{"line":417,"column":29},"end":{"line":424,"column":null}},"line":417},"48":{"name":"(anonymous_48)","decl":{"start":{"line":419,"column":16},"end":{"line":419,"column":17}},"loc":{"start":{"line":419,"column":26},"end":{"line":419,"column":68}},"line":419},"49":{"name":"(anonymous_49)","decl":{"start":{"line":419,"column":38},"end":{"line":419,"column":39}},"loc":{"start":{"line":419,"column":45},"end":{"line":419,"column":67}},"line":419},"50":{"name":"(anonymous_50)","decl":{"start":{"line":426,"column":36},"end":{"line":426,"column":37}},"loc":{"start":{"line":426,"column":54},"end":{"line":429,"column":5}},"line":426},"51":{"name":"(anonymous_51)","decl":{"start":{"line":432,"column":4},"end":{"line":432,"column":5}},"loc":{"start":{"line":432,"column":29},"end":{"line":439,"column":null}},"line":432},"52":{"name":"(anonymous_52)","decl":{"start":{"line":433,"column":16},"end":{"line":433,"column":17}},"loc":{"start":{"line":434,"column":8},"end":{"line":434,"column":null}},"line":434},"53":{"name":"(anonymous_53)","decl":{"start":{"line":434,"column":17},"end":{"line":434,"column":18}},"loc":{"start":{"line":434,"column":25},"end":{"line":434,"column":69}},"line":434},"54":{"name":"(anonymous_54)","decl":{"start":{"line":445,"column":36},"end":{"line":445,"column":42}},"loc":{"start":{"line":445,"column":42},"end":{"line":472,"column":null}},"line":445},"55":{"name":"(anonymous_55)","decl":{"start":{"line":451,"column":8},"end":{"line":451,"column":9}},"loc":{"start":{"line":451,"column":15},"end":{"line":451,"column":null}},"line":451},"56":{"name":"(anonymous_56)","decl":{"start":{"line":456,"column":8},"end":{"line":456,"column":9}},"loc":{"start":{"line":456,"column":15},"end":{"line":456,"column":null}},"line":456},"57":{"name":"(anonymous_57)","decl":{"start":{"line":460,"column":37},"end":{"line":460,"column":38}},"loc":{"start":{"line":460,"column":44},"end":{"line":463,"column":7}},"line":460},"58":{"name":"(anonymous_58)","decl":{"start":{"line":467,"column":8},"end":{"line":467,"column":9}},"loc":{"start":{"line":467,"column":15},"end":{"line":467,"column":null}},"line":467},"59":{"name":"(anonymous_59)","decl":{"start":{"line":474,"column":21},"end":{"line":474,"column":27}},"loc":{"start":{"line":474,"column":27},"end":{"line":491,"column":null}},"line":474},"60":{"name":"(anonymous_60)","decl":{"start":{"line":493,"column":28},"end":{"line":493,"column":29}},"loc":{"start":{"line":493,"column":72},"end":{"line":525,"column":null}},"line":493},"61":{"name":"(anonymous_61)","decl":{"start":{"line":497,"column":11},"end":{"line":497,"column":12}},"loc":{"start":{"line":497,"column":18},"end":{"line":514,"column":7}},"line":497},"62":{"name":"(anonymous_62)","decl":{"start":{"line":501,"column":39},"end":{"line":501,"column":40}},"loc":{"start":{"line":501,"column":46},"end":{"line":501,"column":67}},"line":501},"63":{"name":"(anonymous_63)","decl":{"start":{"line":535,"column":50},"end":{"line":535,"column":51}},"loc":{"start":{"line":536,"column":14},"end":{"line":549,"column":null}},"line":536},"64":{"name":"(anonymous_64)","decl":{"start":{"line":538,"column":25},"end":{"line":538,"column":31}},"loc":{"start":{"line":538,"column":31},"end":{"line":538,"column":null}},"line":538},"65":{"name":"(anonymous_65)","decl":{"start":{"line":614,"column":26},"end":{"line":614,"column":27}},"loc":{"start":{"line":614,"column":50},"end":{"line":617,"column":null}},"line":614},"66":{"name":"(anonymous_66)","decl":{"start":{"line":662,"column":47},"end":{"line":662,"column":48}},"loc":{"start":{"line":662,"column":57},"end":{"line":665,"column":16}},"line":662},"67":{"name":"(anonymous_67)","decl":{"start":{"line":675,"column":33},"end":{"line":675,"column":34}},"loc":{"start":{"line":675,"column":42},"end":{"line":678,"column":18}},"line":675},"68":{"name":"(anonymous_68)","decl":{"start":{"line":746,"column":18},"end":{"line":746,"column":24}},"loc":{"start":{"line":746,"column":24},"end":{"line":746,"column":null}},"line":746},"69":{"name":"(anonymous_69)","decl":{"start":{"line":757,"column":25},"end":{"line":757,"column":31}},"loc":{"start":{"line":757,"column":31},"end":{"line":757,"column":null}},"line":757},"70":{"name":"(anonymous_70)","decl":{"start":{"line":769,"column":26},"end":{"line":769,"column":27}},"loc":{"start":{"line":770,"column":18},"end":{"line":770,"column":null}},"line":770},"71":{"name":"(anonymous_71)","decl":{"start":{"line":776,"column":26},"end":{"line":776,"column":27}},"loc":{"start":{"line":777,"column":18},"end":{"line":777,"column":null}},"line":777},"72":{"name":"(anonymous_72)","decl":{"start":{"line":789,"column":26},"end":{"line":789,"column":27}},"loc":{"start":{"line":790,"column":18},"end":{"line":793,"column":null}},"line":790},"73":{"name":"(anonymous_73)","decl":{"start":{"line":800,"column":26},"end":{"line":800,"column":27}},"loc":{"start":{"line":801,"column":18},"end":{"line":801,"column":null}},"line":801},"74":{"name":"(anonymous_74)","decl":{"start":{"line":809,"column":28},"end":{"line":809,"column":29}},"loc":{"start":{"line":810,"column":20},"end":{"line":813,"column":null}},"line":810},"75":{"name":"(anonymous_75)","decl":{"start":{"line":817,"column":33},"end":{"line":817,"column":34}},"loc":{"start":{"line":818,"column":20},"end":{"line":820,"column":null}},"line":818},"76":{"name":"(anonymous_76)","decl":{"start":{"line":829,"column":28},"end":{"line":829,"column":29}},"loc":{"start":{"line":830,"column":20},"end":{"line":830,"column":null}},"line":830},"77":{"name":"(anonymous_77)","decl":{"start":{"line":837,"column":51},"end":{"line":837,"column":57}},"loc":{"start":{"line":837,"column":57},"end":{"line":837,"column":79}},"line":837},"78":{"name":"(anonymous_78)","decl":{"start":{"line":842,"column":25},"end":{"line":842,"column":31}},"loc":{"start":{"line":842,"column":31},"end":{"line":842,"column":null}},"line":842}},"branchMap":{"0":{"loc":{"start":{"line":74,"column":25},"end":{"line":74,"column":48}},"type":"binary-expr","locations":[{"start":{"line":74,"column":25},"end":{"line":74,"column":44}},{"start":{"line":74,"column":44},"end":{"line":74,"column":48}}],"line":74},"1":{"loc":{"start":{"line":81,"column":4},"end":{"line":81,"column":null}},"type":"if","locations":[{"start":{"line":81,"column":4},"end":{"line":81,"column":null}},{"start":{},"end":{}}],"line":81},"2":{"loc":{"start":{"line":81,"column":8},"end":{"line":81,"column":34}},"type":"binary-expr","locations":[{"start":{"line":81,"column":8},"end":{"line":81,"column":23}},{"start":{"line":81,"column":23},"end":{"line":81,"column":34}}],"line":81},"3":{"loc":{"start":{"line":89,"column":6},"end":{"line":103,"column":null}},"type":"if","locations":[{"start":{"line":89,"column":6},"end":{"line":103,"column":null}},{"start":{},"end":{}}],"line":89},"4":{"loc":{"start":{"line":89,"column":10},"end":{"line":89,"column":40}},"type":"binary-expr","locations":[{"start":{"line":89,"column":10},"end":{"line":89,"column":27}},{"start":{"line":89,"column":27},"end":{"line":89,"column":40}}],"line":89},"5":{"loc":{"start":{"line":94,"column":12},"end":{"line":94,"column":null}},"type":"binary-expr","locations":[{"start":{"line":94,"column":12},"end":{"line":94,"column":31}},{"start":{"line":94,"column":31},"end":{"line":94,"column":null}}],"line":94},"6":{"loc":{"start":{"line":96,"column":12},"end":{"line":96,"column":null}},"type":"binary-expr","locations":[{"start":{"line":96,"column":12},"end":{"line":96,"column":31}},{"start":{"line":96,"column":31},"end":{"line":96,"column":null}}],"line":96},"7":{"loc":{"start":{"line":97,"column":17},"end":{"line":97,"column":null}},"type":"binary-expr","locations":[{"start":{"line":97,"column":17},"end":{"line":97,"column":34}},{"start":{"line":97,"column":34},"end":{"line":97,"column":null}}],"line":97},"8":{"loc":{"start":{"line":100,"column":8},"end":{"line":102,"column":null}},"type":"if","locations":[{"start":{"line":100,"column":8},"end":{"line":102,"column":null}},{"start":{},"end":{}}],"line":100},"9":{"loc":{"start":{"line":113,"column":6},"end":{"line":115,"column":null}},"type":"if","locations":[{"start":{"line":113,"column":6},"end":{"line":115,"column":null}},{"start":{},"end":{}}],"line":113},"10":{"loc":{"start":{"line":126,"column":50},"end":{"line":126,"column":null}},"type":"cond-expr","locations":[{"start":{"line":126,"column":62},"end":{"line":126,"column":67}},{"start":{"line":126,"column":67},"end":{"line":126,"column":null}}],"line":126},"11":{"loc":{"start":{"line":130,"column":6},"end":{"line":132,"column":null}},"type":"if","locations":[{"start":{"line":130,"column":6},"end":{"line":132,"column":null}},{"start":{},"end":{}}],"line":130},"12":{"loc":{"start":{"line":141,"column":4},"end":{"line":141,"column":null}},"type":"if","locations":[{"start":{"line":141,"column":4},"end":{"line":141,"column":null}},{"start":{},"end":{}}],"line":141},"13":{"loc":{"start":{"line":141,"column":8},"end":{"line":141,"column":34}},"type":"binary-expr","locations":[{"start":{"line":141,"column":8},"end":{"line":141,"column":23}},{"start":{"line":141,"column":23},"end":{"line":141,"column":34}}],"line":141},"14":{"loc":{"start":{"line":163,"column":24},"end":{"line":163,"column":null}},"type":"binary-expr","locations":[{"start":{"line":163,"column":24},"end":{"line":163,"column":49}},{"start":{"line":163,"column":49},"end":{"line":163,"column":null}}],"line":163},"15":{"loc":{"start":{"line":167,"column":8},"end":{"line":171,"column":null}},"type":"if","locations":[{"start":{"line":167,"column":8},"end":{"line":171,"column":null}},{"start":{},"end":{}}],"line":167},"16":{"loc":{"start":{"line":169,"column":24},"end":{"line":169,"column":null}},"type":"cond-expr","locations":[{"start":{"line":169,"column":32},"end":{"line":169,"column":46}},{"start":{"line":169,"column":46},"end":{"line":169,"column":null}}],"line":169},"17":{"loc":{"start":{"line":186,"column":28},"end":{"line":186,"column":null}},"type":"binary-expr","locations":[{"start":{"line":186,"column":28},"end":{"line":186,"column":47}},{"start":{"line":186,"column":47},"end":{"line":186,"column":null}}],"line":186},"18":{"loc":{"start":{"line":187,"column":28},"end":{"line":187,"column":null}},"type":"binary-expr","locations":[{"start":{"line":187,"column":28},"end":{"line":187,"column":47}},{"start":{"line":187,"column":47},"end":{"line":187,"column":null}}],"line":187},"19":{"loc":{"start":{"line":188,"column":13},"end":{"line":188,"column":null}},"type":"binary-expr","locations":[{"start":{"line":188,"column":13},"end":{"line":188,"column":30}},{"start":{"line":188,"column":30},"end":{"line":188,"column":null}}],"line":188},"20":{"loc":{"start":{"line":191,"column":4},"end":{"line":253,"column":null}},"type":"if","locations":[{"start":{"line":191,"column":4},"end":{"line":253,"column":null}},{"start":{"line":205,"column":4},"end":{"line":253,"column":null}}],"line":191},"21":{"loc":{"start":{"line":195,"column":8},"end":{"line":203,"column":null}},"type":"if","locations":[{"start":{"line":195,"column":8},"end":{"line":203,"column":null}},{"start":{},"end":{}}],"line":195},"22":{"loc":{"start":{"line":198,"column":10},"end":{"line":202,"column":null}},"type":"if","locations":[{"start":{"line":198,"column":10},"end":{"line":202,"column":null}},{"start":{},"end":{}}],"line":198},"23":{"loc":{"start":{"line":200,"column":26},"end":{"line":200,"column":null}},"type":"cond-expr","locations":[{"start":{"line":200,"column":34},"end":{"line":200,"column":48}},{"start":{"line":200,"column":48},"end":{"line":200,"column":null}}],"line":200},"24":{"loc":{"start":{"line":205,"column":4},"end":{"line":253,"column":null}},"type":"if","locations":[{"start":{"line":205,"column":4},"end":{"line":253,"column":null}},{"start":{"line":219,"column":4},"end":{"line":253,"column":null}}],"line":205},"25":{"loc":{"start":{"line":209,"column":8},"end":{"line":217,"column":null}},"type":"if","locations":[{"start":{"line":209,"column":8},"end":{"line":217,"column":null}},{"start":{},"end":{}}],"line":209},"26":{"loc":{"start":{"line":209,"column":12},"end":{"line":209,"column":64}},"type":"binary-expr","locations":[{"start":{"line":209,"column":12},"end":{"line":209,"column":40}},{"start":{"line":209,"column":40},"end":{"line":209,"column":64}}],"line":209},"27":{"loc":{"start":{"line":212,"column":10},"end":{"line":216,"column":null}},"type":"if","locations":[{"start":{"line":212,"column":10},"end":{"line":216,"column":null}},{"start":{},"end":{}}],"line":212},"28":{"loc":{"start":{"line":214,"column":26},"end":{"line":214,"column":null}},"type":"cond-expr","locations":[{"start":{"line":214,"column":34},"end":{"line":214,"column":48}},{"start":{"line":214,"column":48},"end":{"line":214,"column":null}}],"line":214},"29":{"loc":{"start":{"line":219,"column":4},"end":{"line":253,"column":null}},"type":"if","locations":[{"start":{"line":219,"column":4},"end":{"line":253,"column":null}},{"start":{"line":240,"column":4},"end":{"line":253,"column":null}}],"line":219},"30":{"loc":{"start":{"line":223,"column":50},"end":{"line":223,"column":null}},"type":"cond-expr","locations":[{"start":{"line":223,"column":62},"end":{"line":223,"column":67}},{"start":{"line":223,"column":67},"end":{"line":223,"column":null}}],"line":223},"31":{"loc":{"start":{"line":230,"column":8},"end":{"line":238,"column":null}},"type":"if","locations":[{"start":{"line":230,"column":8},"end":{"line":238,"column":null}},{"start":{},"end":{}}],"line":230},"32":{"loc":{"start":{"line":230,"column":12},"end":{"line":230,"column":48}},"type":"binary-expr","locations":[{"start":{"line":230,"column":12},"end":{"line":230,"column":32}},{"start":{"line":230,"column":32},"end":{"line":230,"column":48}}],"line":230},"33":{"loc":{"start":{"line":233,"column":10},"end":{"line":237,"column":null}},"type":"if","locations":[{"start":{"line":233,"column":10},"end":{"line":237,"column":null}},{"start":{},"end":{}}],"line":233},"34":{"loc":{"start":{"line":235,"column":26},"end":{"line":235,"column":null}},"type":"cond-expr","locations":[{"start":{"line":235,"column":34},"end":{"line":235,"column":48}},{"start":{"line":235,"column":48},"end":{"line":235,"column":null}}],"line":235},"35":{"loc":{"start":{"line":240,"column":4},"end":{"line":253,"column":null}},"type":"if","locations":[{"start":{"line":240,"column":4},"end":{"line":253,"column":null}},{"start":{},"end":{}}],"line":240},"36":{"loc":{"start":{"line":247,"column":8},"end":{"line":251,"column":null}},"type":"if","locations":[{"start":{"line":247,"column":8},"end":{"line":251,"column":null}},{"start":{},"end":{}}],"line":247},"37":{"loc":{"start":{"line":249,"column":24},"end":{"line":249,"column":null}},"type":"cond-expr","locations":[{"start":{"line":249,"column":32},"end":{"line":249,"column":46}},{"start":{"line":249,"column":46},"end":{"line":249,"column":null}}],"line":249},"38":{"loc":{"start":{"line":283,"column":4},"end":{"line":320,"column":null}},"type":"if","locations":[{"start":{"line":283,"column":4},"end":{"line":320,"column":null}},{"start":{"line":314,"column":11},"end":{"line":320,"column":null}}],"line":283},"39":{"loc":{"start":{"line":283,"column":8},"end":{"line":283,"column":32}},"type":"binary-expr","locations":[{"start":{"line":283,"column":8},"end":{"line":283,"column":22}},{"start":{"line":283,"column":22},"end":{"line":283,"column":32}}],"line":283},"40":{"loc":{"start":{"line":284,"column":6},"end":{"line":313,"column":null}},"type":"if","locations":[{"start":{"line":284,"column":6},"end":{"line":313,"column":null}},{"start":{"line":286,"column":6},"end":{"line":313,"column":null}}],"line":284},"41":{"loc":{"start":{"line":286,"column":6},"end":{"line":313,"column":null}},"type":"if","locations":[{"start":{"line":286,"column":6},"end":{"line":313,"column":null}},{"start":{"line":293,"column":6},"end":{"line":313,"column":null}}],"line":286},"42":{"loc":{"start":{"line":289,"column":8},"end":{"line":292,"column":null}},"type":"if","locations":[{"start":{"line":289,"column":8},"end":{"line":292,"column":null}},{"start":{},"end":{}}],"line":289},"43":{"loc":{"start":{"line":293,"column":6},"end":{"line":313,"column":null}},"type":"if","locations":[{"start":{"line":293,"column":6},"end":{"line":313,"column":null}},{"start":{"line":303,"column":6},"end":{"line":313,"column":null}}],"line":293},"44":{"loc":{"start":{"line":299,"column":8},"end":{"line":302,"column":null}},"type":"if","locations":[{"start":{"line":299,"column":8},"end":{"line":302,"column":null}},{"start":{},"end":{}}],"line":299},"45":{"loc":{"start":{"line":303,"column":6},"end":{"line":313,"column":null}},"type":"if","locations":[{"start":{"line":303,"column":6},"end":{"line":313,"column":null}},{"start":{},"end":{}}],"line":303},"46":{"loc":{"start":{"line":309,"column":8},"end":{"line":312,"column":null}},"type":"if","locations":[{"start":{"line":309,"column":8},"end":{"line":312,"column":null}},{"start":{},"end":{}}],"line":309},"47":{"loc":{"start":{"line":316,"column":6},"end":{"line":316,"column":null}},"type":"if","locations":[{"start":{"line":316,"column":6},"end":{"line":316,"column":null}},{"start":{},"end":{}}],"line":316},"48":{"loc":{"start":{"line":317,"column":6},"end":{"line":317,"column":null}},"type":"if","locations":[{"start":{"line":317,"column":6},"end":{"line":317,"column":null}},{"start":{},"end":{}}],"line":317},"49":{"loc":{"start":{"line":318,"column":6},"end":{"line":318,"column":null}},"type":"if","locations":[{"start":{"line":318,"column":6},"end":{"line":318,"column":null}},{"start":{},"end":{}}],"line":318},"50":{"loc":{"start":{"line":319,"column":6},"end":{"line":319,"column":null}},"type":"if","locations":[{"start":{"line":319,"column":6},"end":{"line":319,"column":null}},{"start":{},"end":{}}],"line":319},"51":{"loc":{"start":{"line":339,"column":4},"end":{"line":376,"column":null}},"type":"if","locations":[{"start":{"line":339,"column":4},"end":{"line":376,"column":null}},{"start":{"line":370,"column":11},"end":{"line":376,"column":null}}],"line":339},"52":{"loc":{"start":{"line":339,"column":8},"end":{"line":339,"column":32}},"type":"binary-expr","locations":[{"start":{"line":339,"column":8},"end":{"line":339,"column":22}},{"start":{"line":339,"column":22},"end":{"line":339,"column":32}}],"line":339},"53":{"loc":{"start":{"line":340,"column":6},"end":{"line":369,"column":null}},"type":"if","locations":[{"start":{"line":340,"column":6},"end":{"line":369,"column":null}},{"start":{"line":342,"column":6},"end":{"line":369,"column":null}}],"line":340},"54":{"loc":{"start":{"line":342,"column":6},"end":{"line":369,"column":null}},"type":"if","locations":[{"start":{"line":342,"column":6},"end":{"line":369,"column":null}},{"start":{"line":349,"column":6},"end":{"line":369,"column":null}}],"line":342},"55":{"loc":{"start":{"line":345,"column":8},"end":{"line":348,"column":null}},"type":"if","locations":[{"start":{"line":345,"column":8},"end":{"line":348,"column":null}},{"start":{},"end":{}}],"line":345},"56":{"loc":{"start":{"line":349,"column":6},"end":{"line":369,"column":null}},"type":"if","locations":[{"start":{"line":349,"column":6},"end":{"line":369,"column":null}},{"start":{"line":359,"column":6},"end":{"line":369,"column":null}}],"line":349},"57":{"loc":{"start":{"line":355,"column":8},"end":{"line":358,"column":null}},"type":"if","locations":[{"start":{"line":355,"column":8},"end":{"line":358,"column":null}},{"start":{},"end":{}}],"line":355},"58":{"loc":{"start":{"line":359,"column":6},"end":{"line":369,"column":null}},"type":"if","locations":[{"start":{"line":359,"column":6},"end":{"line":369,"column":null}},{"start":{},"end":{}}],"line":359},"59":{"loc":{"start":{"line":365,"column":8},"end":{"line":368,"column":null}},"type":"if","locations":[{"start":{"line":365,"column":8},"end":{"line":368,"column":null}},{"start":{},"end":{}}],"line":365},"60":{"loc":{"start":{"line":372,"column":6},"end":{"line":372,"column":null}},"type":"if","locations":[{"start":{"line":372,"column":6},"end":{"line":372,"column":null}},{"start":{},"end":{}}],"line":372},"61":{"loc":{"start":{"line":373,"column":6},"end":{"line":373,"column":null}},"type":"if","locations":[{"start":{"line":373,"column":6},"end":{"line":373,"column":null}},{"start":{},"end":{}}],"line":373},"62":{"loc":{"start":{"line":374,"column":6},"end":{"line":374,"column":null}},"type":"if","locations":[{"start":{"line":374,"column":6},"end":{"line":374,"column":null}},{"start":{},"end":{}}],"line":374},"63":{"loc":{"start":{"line":375,"column":6},"end":{"line":375,"column":null}},"type":"if","locations":[{"start":{"line":375,"column":6},"end":{"line":375,"column":null}},{"start":{},"end":{}}],"line":375},"64":{"loc":{"start":{"line":397,"column":6},"end":{"line":397,"column":null}},"type":"if","locations":[{"start":{"line":397,"column":6},"end":{"line":397,"column":null}},{"start":{},"end":{}}],"line":397},"65":{"loc":{"start":{"line":404,"column":4},"end":{"line":404,"column":null}},"type":"if","locations":[{"start":{"line":404,"column":4},"end":{"line":404,"column":null}},{"start":{},"end":{}}],"line":404},"66":{"loc":{"start":{"line":409,"column":4},"end":{"line":409,"column":null}},"type":"if","locations":[{"start":{"line":409,"column":4},"end":{"line":409,"column":null}},{"start":{},"end":{}}],"line":409},"67":{"loc":{"start":{"line":418,"column":4},"end":{"line":423,"column":null}},"type":"if","locations":[{"start":{"line":418,"column":4},"end":{"line":423,"column":null}},{"start":{},"end":{}}],"line":418},"68":{"loc":{"start":{"line":434,"column":25},"end":{"line":434,"column":69}},"type":"cond-expr","locations":[{"start":{"line":434,"column":52},"end":{"line":434,"column":67}},{"start":{"line":434,"column":67},"end":{"line":434,"column":69}}],"line":434},"69":{"loc":{"start":{"line":449,"column":4},"end":{"line":470,"column":null}},"type":"if","locations":[{"start":{"line":449,"column":4},"end":{"line":470,"column":null}},{"start":{"line":454,"column":4},"end":{"line":470,"column":null}}],"line":449},"70":{"loc":{"start":{"line":449,"column":8},"end":{"line":449,"column":32}},"type":"binary-expr","locations":[{"start":{"line":449,"column":8},"end":{"line":449,"column":22}},{"start":{"line":449,"column":22},"end":{"line":449,"column":32}}],"line":449},"71":{"loc":{"start":{"line":451,"column":15},"end":{"line":451,"column":null}},"type":"binary-expr","locations":[{"start":{"line":451,"column":15},"end":{"line":451,"column":39}},{"start":{"line":451,"column":39},"end":{"line":451,"column":null}}],"line":451},"72":{"loc":{"start":{"line":454,"column":4},"end":{"line":470,"column":null}},"type":"if","locations":[{"start":{"line":454,"column":4},"end":{"line":470,"column":null}},{"start":{"line":459,"column":4},"end":{"line":470,"column":null}}],"line":454},"73":{"loc":{"start":{"line":459,"column":4},"end":{"line":470,"column":null}},"type":"if","locations":[{"start":{"line":459,"column":4},"end":{"line":470,"column":null}},{"start":{"line":465,"column":4},"end":{"line":470,"column":null}}],"line":459},"74":{"loc":{"start":{"line":462,"column":15},"end":{"line":462,"column":null}},"type":"binary-expr","locations":[{"start":{"line":462,"column":15},"end":{"line":462,"column":43}},{"start":{"line":462,"column":43},"end":{"line":462,"column":null}}],"line":462},"75":{"loc":{"start":{"line":465,"column":4},"end":{"line":470,"column":null}},"type":"if","locations":[{"start":{"line":465,"column":4},"end":{"line":470,"column":null}},{"start":{},"end":{}}],"line":465},"76":{"loc":{"start":{"line":477,"column":4},"end":{"line":490,"column":null}},"type":"if","locations":[{"start":{"line":477,"column":4},"end":{"line":490,"column":null}},{"start":{"line":484,"column":11},"end":{"line":490,"column":null}}],"line":477},"77":{"loc":{"start":{"line":500,"column":8},"end":{"line":504,"column":null}},"type":"if","locations":[{"start":{"line":500,"column":8},"end":{"line":504,"column":null}},{"start":{},"end":{}}],"line":500},"78":{"loc":{"start":{"line":502,"column":21},"end":{"line":502,"column":null}},"type":"cond-expr","locations":[{"start":{"line":502,"column":29},"end":{"line":502,"column":42}},{"start":{"line":502,"column":42},"end":{"line":502,"column":null}}],"line":502},"79":{"loc":{"start":{"line":503,"column":18},"end":{"line":503,"column":null}},"type":"cond-expr","locations":[{"start":{"line":503,"column":26},"end":{"line":503,"column":40}},{"start":{"line":503,"column":40},"end":{"line":503,"column":null}}],"line":503},"80":{"loc":{"start":{"line":508,"column":23},"end":{"line":508,"column":null}},"type":"cond-expr","locations":[{"start":{"line":508,"column":38},"end":{"line":508,"column":52}},{"start":{"line":508,"column":52},"end":{"line":508,"column":null}}],"line":508},"81":{"loc":{"start":{"line":540,"column":18},"end":{"line":542,"column":null}},"type":"cond-expr","locations":[{"start":{"line":541,"column":22},"end":{"line":541,"column":null}},{"start":{"line":542,"column":22},"end":{"line":542,"column":null}}],"line":540},"82":{"loc":{"start":{"line":545,"column":17},"end":{"line":545,"column":null}},"type":"binary-expr","locations":[{"start":{"line":545,"column":17},"end":{"line":545,"column":36}},{"start":{"line":545,"column":36},"end":{"line":545,"column":null}}],"line":545},"83":{"loc":{"start":{"line":546,"column":17},"end":{"line":546,"column":null}},"type":"binary-expr","locations":[{"start":{"line":546,"column":17},"end":{"line":546,"column":37}},{"start":{"line":546,"column":37},"end":{"line":546,"column":null}}],"line":546},"84":{"loc":{"start":{"line":547,"column":17},"end":{"line":547,"column":null}},"type":"binary-expr","locations":[{"start":{"line":547,"column":17},"end":{"line":547,"column":36}},{"start":{"line":547,"column":36},"end":{"line":547,"column":null}}],"line":547},"85":{"loc":{"start":{"line":548,"column":17},"end":{"line":548,"column":null}},"type":"binary-expr","locations":[{"start":{"line":548,"column":17},"end":{"line":548,"column":35}},{"start":{"line":548,"column":35},"end":{"line":548,"column":null}}],"line":548},"86":{"loc":{"start":{"line":579,"column":9},"end":{"line":603,"column":null}},"type":"cond-expr","locations":[{"start":{"line":580,"column":10},"end":{"line":602,"column":null}},{"start":{"line":603,"column":12},"end":{"line":603,"column":null}}],"line":579},"87":{"loc":{"start":{"line":579,"column":9},"end":{"line":579,"column":null}},"type":"binary-expr","locations":[{"start":{"line":579,"column":9},"end":{"line":579,"column":24}},{"start":{"line":579,"column":24},"end":{"line":579,"column":null}}],"line":579},"88":{"loc":{"start":{"line":589,"column":15},"end":{"line":589,"column":null}},"type":"binary-expr","locations":[{"start":{"line":589,"column":15},"end":{"line":589,"column":38}},{"start":{"line":589,"column":38},"end":{"line":589,"column":null}}],"line":589},"89":{"loc":{"start":{"line":590,"column":15},"end":{"line":590,"column":null}},"type":"binary-expr","locations":[{"start":{"line":590,"column":15},"end":{"line":590,"column":39}},{"start":{"line":590,"column":39},"end":{"line":590,"column":null}}],"line":590},"90":{"loc":{"start":{"line":591,"column":15},"end":{"line":592,"column":null}},"type":"binary-expr","locations":[{"start":{"line":591,"column":15},"end":{"line":591,"column":null}},{"start":{"line":592,"column":16},"end":{"line":592,"column":null}}],"line":591},"91":{"loc":{"start":{"line":593,"column":15},"end":{"line":593,"column":null}},"type":"binary-expr","locations":[{"start":{"line":593,"column":15},"end":{"line":593,"column":37}},{"start":{"line":593,"column":37},"end":{"line":593,"column":null}}],"line":593},"92":{"loc":{"start":{"line":605,"column":9},"end":{"line":618,"column":null}},"type":"binary-expr","locations":[{"start":{"line":605,"column":9},"end":{"line":605,"column":null}},{"start":{"line":606,"column":10},"end":{"line":618,"column":null}}],"line":605},"93":{"loc":{"start":{"line":612,"column":14},"end":{"line":612,"column":null}},"type":"cond-expr","locations":[{"start":{"line":612,"column":39},"end":{"line":612,"column":61}},{"start":{"line":612,"column":61},"end":{"line":612,"column":null}}],"line":612},"94":{"loc":{"start":{"line":612,"column":14},"end":{"line":612,"column":39}},"type":"binary-expr","locations":[{"start":{"line":612,"column":14},"end":{"line":612,"column":28}},{"start":{"line":612,"column":28},"end":{"line":612,"column":39}}],"line":612},"95":{"loc":{"start":{"line":620,"column":9},"end":{"line":630,"column":null}},"type":"binary-expr","locations":[{"start":{"line":620,"column":9},"end":{"line":620,"column":null}},{"start":{"line":621,"column":10},"end":{"line":630,"column":null}}],"line":620},"96":{"loc":{"start":{"line":632,"column":9},"end":{"line":638,"column":null}},"type":"binary-expr","locations":[{"start":{"line":632,"column":9},"end":{"line":632,"column":null}},{"start":{"line":633,"column":10},"end":{"line":638,"column":null}}],"line":632},"97":{"loc":{"start":{"line":640,"column":9},"end":{"line":650,"column":null}},"type":"binary-expr","locations":[{"start":{"line":640,"column":9},"end":{"line":640,"column":null}},{"start":{"line":641,"column":10},"end":{"line":650,"column":null}}],"line":640},"98":{"loc":{"start":{"line":647,"column":26},"end":{"line":647,"column":null}},"type":"binary-expr","locations":[{"start":{"line":647,"column":26},"end":{"line":647,"column":40}},{"start":{"line":647,"column":40},"end":{"line":647,"column":null}}],"line":647},"99":{"loc":{"start":{"line":648,"column":24},"end":{"line":648,"column":null}},"type":"cond-expr","locations":[{"start":{"line":648,"column":49},"end":{"line":648,"column":70}},{"start":{"line":648,"column":70},"end":{"line":648,"column":null}}],"line":648},"100":{"loc":{"start":{"line":648,"column":24},"end":{"line":648,"column":49}},"type":"binary-expr","locations":[{"start":{"line":648,"column":24},"end":{"line":648,"column":38}},{"start":{"line":648,"column":38},"end":{"line":648,"column":49}}],"line":648},"101":{"loc":{"start":{"line":702,"column":13},"end":{"line":713,"column":null}},"type":"binary-expr","locations":[{"start":{"line":702,"column":13},"end":{"line":702,"column":27}},{"start":{"line":702,"column":27},"end":{"line":702,"column":null}},{"start":{"line":703,"column":14},"end":{"line":713,"column":null}}],"line":702},"102":{"loc":{"start":{"line":721,"column":11},"end":{"line":728,"column":null}},"type":"binary-expr","locations":[{"start":{"line":721,"column":11},"end":{"line":721,"column":25}},{"start":{"line":721,"column":25},"end":{"line":721,"column":null}},{"start":{"line":722,"column":12},"end":{"line":728,"column":null}}],"line":721},"103":{"loc":{"start":{"line":749,"column":7},"end":{"line":848,"column":null}},"type":"binary-expr","locations":[{"start":{"line":749,"column":7},"end":{"line":749,"column":21}},{"start":{"line":749,"column":21},"end":{"line":749,"column":null}},{"start":{"line":750,"column":8},"end":{"line":848,"column":null}}],"line":749},"104":{"loc":{"start":{"line":808,"column":25},"end":{"line":808,"column":null}},"type":"binary-expr","locations":[{"start":{"line":808,"column":25},"end":{"line":808,"column":52}},{"start":{"line":808,"column":52},"end":{"line":808,"column":null}}],"line":808},"105":{"loc":{"start":{"line":812,"column":34},"end":{"line":812,"column":null}},"type":"binary-expr","locations":[{"start":{"line":812,"column":34},"end":{"line":812,"column":52}},{"start":{"line":812,"column":52},"end":{"line":812,"column":null}}],"line":812}},"s":{"0":1,"1":29,"2":1,"3":29,"4":1,"5":29,"6":29,"7":29,"8":29,"9":29,"10":29,"11":29,"12":29,"13":29,"14":29,"15":29,"16":29,"17":29,"18":29,"19":29,"20":29,"21":29,"22":29,"23":29,"24":29,"25":29,"26":29,"27":29,"28":29,"29":29,"30":87,"31":87,"32":29,"33":29,"34":29,"35":0,"36":0,"37":0,"38":0,"39":0,"40":0,"41":0,"42":0,"43":0,"44":0,"45":0,"46":0,"47":0,"48":0,"49":0,"50":29,"51":29,"52":29,"53":0,"54":0,"55":29,"56":0,"57":29,"58":29,"59":29,"60":0,"61":0,"62":0,"63":0,"64":0,"65":0,"66":0,"67":0,"68":29,"69":0,"70":29,"71":29,"72":29,"73":0,"74":0,"75":0,"76":0,"77":0,"78":0,"79":0,"80":0,"81":0,"82":0,"83":0,"84":29,"85":29,"86":29,"87":29,"88":0,"89":0,"90":0,"91":0,"92":0,"93":0,"94":0,"95":0,"96":0,"97":0,"98":29,"99":29,"100":29,"101":29,"102":29,"103":29,"104":87,"105":87,"106":87,"107":29,"108":0,"109":0,"110":0,"111":0,"112":0,"113":0,"114":0,"115":0,"116":0,"117":0,"118":0,"119":29,"120":29,"121":29,"122":87,"123":87,"124":87,"125":87,"126":87,"127":87,"128":116,"129":87,"130":87,"131":0,"132":0,"133":0,"134":0,"135":0,"136":0,"137":0,"138":0,"139":0,"140":0,"141":0,"142":0,"143":0,"144":0,"145":0,"146":0,"147":0,"148":0,"149":0,"150":0,"151":0,"152":0,"153":0,"154":0,"155":0,"156":0,"157":0,"158":0,"159":0,"160":0,"161":0,"162":29,"163":29,"164":0,"165":29,"166":0,"167":0,"168":0,"169":0,"170":29,"171":0,"172":0,"173":0,"174":0,"175":0,"176":0,"177":0,"178":0,"179":0,"180":0,"181":0,"182":0,"183":0,"184":0,"185":0,"186":0,"187":0,"188":0,"189":0,"190":0,"191":0,"192":0,"193":0,"194":0,"195":0,"196":0,"197":0,"198":0,"199":0,"200":0,"201":0,"202":0,"203":29,"204":0,"205":0,"206":0,"207":0,"208":0,"209":0,"210":0,"211":0,"212":0,"213":0,"214":0,"215":0,"216":0,"217":0,"218":0,"219":0,"220":0,"221":0,"222":0,"223":0,"224":0,"225":0,"226":0,"227":0,"228":0,"229":0,"230":0,"231":0,"232":0,"233":0,"234":0,"235":0,"236":29,"237":0,"238":0,"239":0,"240":0,"241":0,"242":0,"243":29,"244":0,"245":0,"246":0,"247":29,"248":0,"249":0,"250":0,"251":29,"252":0,"253":0,"254":29,"255":0,"256":0,"257":0,"258":0,"259":0,"260":0,"261":0,"262":29,"263":0,"264":0,"265":29,"266":0,"267":0,"268":0,"269":0,"270":0,"271":0,"272":29,"273":0,"274":0,"275":0,"276":0,"277":0,"278":0,"279":0,"280":0,"281":0,"282":0,"283":0,"284":0,"285":0,"286":0,"287":0,"288":0,"289":0,"290":0,"291":0,"292":0,"293":29,"294":0,"295":0,"296":0,"297":0,"298":0,"299":0,"300":0,"301":29,"302":0,"303":0,"304":0,"305":0,"306":0,"307":0,"308":0,"309":0,"310":0,"311":0,"312":0,"313":0,"314":0,"315":0,"316":0,"317":0,"318":0,"319":0,"320":0,"321":0,"322":0,"323":29,"324":116,"325":0,"326":0,"327":0,"328":116,"329":87,"330":0,"331":0,"332":0,"333":0,"334":0,"335":0,"336":0,"337":0,"338":0,"339":0,"340":0},"f":{"0":29,"1":29,"2":29,"3":29,"4":29,"5":29,"6":29,"7":29,"8":87,"9":29,"10":0,"11":0,"12":0,"13":29,"14":0,"15":0,"16":29,"17":0,"18":0,"19":29,"20":29,"21":0,"22":0,"23":0,"24":29,"25":87,"26":0,"27":0,"28":87,"29":116,"30":0,"31":0,"32":0,"33":0,"34":0,"35":0,"36":0,"37":0,"38":0,"39":0,"40":0,"41":0,"42":0,"43":0,"44":0,"45":0,"46":0,"47":0,"48":0,"49":0,"50":0,"51":0,"52":0,"53":0,"54":0,"55":0,"56":0,"57":0,"58":0,"59":0,"60":0,"61":0,"62":0,"63":116,"64":0,"65":0,"66":116,"67":87,"68":0,"69":0,"70":0,"71":0,"72":0,"73":0,"74":0,"75":0,"76":0,"77":0,"78":0},"b":{"0":[87,58],"1":[29,0],"2":[29,0],"3":[0,0],"4":[0,0],"5":[0,0],"6":[0,0],"7":[0,0],"8":[0,0],"9":[0,0],"10":[0,0],"11":[0,0],"12":[29,0],"13":[29,0],"14":[0,0],"15":[0,0],"16":[0,0],"17":[87,0],"18":[87,0],"19":[87,87],"20":[0,29],"21":[0,0],"22":[0,0],"23":[0,0],"24":[29,0],"25":[87,0],"26":[87,87],"27":[87,0],"28":[87,0],"29":[0,0],"30":[0,0],"31":[0,0],"32":[0,0],"33":[0,0],"34":[0,0],"35":[0,0],"36":[0,0],"37":[0,0],"38":[0,0],"39":[0,0],"40":[0,0],"41":[0,0],"42":[0,0],"43":[0,0],"44":[0,0],"45":[0,0],"46":[0,0],"47":[0,0],"48":[0,0],"49":[0,0],"50":[0,0],"51":[0,0],"52":[0,0],"53":[0,0],"54":[0,0],"55":[0,0],"56":[0,0],"57":[0,0],"58":[0,0],"59":[0,0],"60":[0,0],"61":[0,0],"62":[0,0],"63":[0,0],"64":[0,0],"65":[0,0],"66":[0,0],"67":[0,0],"68":[0,0],"69":[0,0],"70":[0,0],"71":[0,0],"72":[0,0],"73":[0,0],"74":[0,0],"75":[0,0],"76":[0,0],"77":[0,0],"78":[0,0],"79":[0,0],"80":[0,0],"81":[29,87],"82":[116,29],"83":[116,29],"84":[116,29],"85":[116,29],"86":[29,0],"87":[29,0],"88":[29,0],"89":[29,29],"90":[29,0],"91":[29,0],"92":[29,0],"93":[0,0],"94":[0,0],"95":[29,29],"96":[29,0],"97":[29,0],"98":[0,0],"99":[0,0],"100":[0,0],"101":[29,0,0],"102":[29,0,0],"103":[29,0,0],"104":[0,0],"105":[0,0]},"meta":{"lastBranch":106,"lastFunction":79,"lastStatement":341,"seen":{"s:27:23:28:Infinity":0,"f:27:23:27:24":0,"s:28:2:28:Infinity":1,"s:36:27:37:Infinity":2,"f:36:27:36:28":1,"s:37:2:37:Infinity":3,"s:43:38:886:Infinity":4,"f:43:38:43:44":2,"s:45:8:45:Infinity":5,"f:45:29:45:30":3,"s:45:40:45:52":6,"s:46:8:46:Infinity":7,"f:46:32:46:33":4,"s:46:43:46:58":8,"s:47:8:47:Infinity":9,"f:47:31:47:32":5,"s:47:42:47:56":10,"s:48:8:48:Infinity":11,"f:48:29:48:30":6,"s:48:40:48:52":12,"s:50:24:50:Infinity":13,"s:52:21:52:Infinity":14,"s:53:30:53:Infinity":15,"s:54:36:54:Infinity":16,"s:55:38:55:Infinity":17,"s:57:34:57:Infinity":18,"s:58:30:58:Infinity":19,"s:61:42:61:Infinity":20,"s:62:42:62:Infinity":21,"s:64:40:64:Infinity":22,"s:65:40:65:Infinity":23,"s:66:34:66:Infinity":24,"s:67:38:67:Infinity":25,"s:69:15:69:Infinity":26,"s:70:16:70:Infinity":27,"s:72:8:77:Infinity":28,"f:72:31:72:37":7,"s:73:4:76:Infinity":29,"f:73:25:73:26":8,"s:74:6:74:Infinity":30,"b:74:25:74:44:74:44:74:48":0,"s:75:6:75:Infinity":31,"s:80:8:107:Infinity":32,"f:80:37:80:43":9,"b:81:4:81:Infinity:undefined:undefined:undefined:undefined":1,"s:81:4:81:Infinity":33,"b:81:8:81:23:81:23:81:34":2,"s:81:34:81:Infinity":34,"s:83:18:83:Infinity":35,"s:84:16:84:Infinity":36,"s:85:27:85:Infinity":37,"s:87:4:104:Infinity":38,"f:87:38:87:39":10,"s:88:19:88:Infinity":39,"b:89:6:103:Infinity:undefined:undefined:undefined:undefined":3,"s:89:6:103:Infinity":40,"b:89:10:89:27:89:27:89:40":4,"s:91:26:91:Infinity":41,"s:92:33:98:Infinity":42,"f:92:48:92:49":11,"s:94:12:94:Infinity":43,"b:94:12:94:31:94:31:94:Infinity":5,"s:96:12:96:Infinity":44,"b:96:12:96:31:96:31:96:Infinity":6,"s:97:10:97:Infinity":45,"b:97:17:97:34:97:34:97:Infinity":7,"b:100:8:102:Infinity:undefined:undefined:undefined:undefined":8,"s:100:8:102:Infinity":46,"s:101:10:101:Infinity":47,"s:106:4:106:Infinity":48,"f:106:23:106:24":12,"s:106:33:106:58":49,"s:110:8:118:Infinity":50,"f:110:38:110:44":13,"s:111:22:111:Infinity":51,"s:112:4:116:Infinity":52,"f:112:31:112:32":14,"b:113:6:115:Infinity:undefined:undefined:undefined:undefined":9,"s:113:6:115:Infinity":53,"s:114:8:114:Infinity":54,"s:117:4:117:Infinity":55,"f:117:38:117:39":15,"s:117:48:117:53":56,"s:121:8:137:Infinity":57,"f:121:37:121:43":16,"s:122:21:122:Infinity":58,"s:123:4:133:Infinity":59,"f:123:31:123:32":17,"s:124:26:124:Infinity":60,"s:125:18:125:Infinity":61,"s:126:19:126:Infinity":62,"b:126:62:126:67:126:67:126:Infinity":10,"s:127:6:127:Infinity":63,"s:128:6:128:Infinity":64,"s:129:12:129:Infinity":65,"b:130:6:132:Infinity:undefined:undefined:undefined:undefined":11,"s:130:6:132:Infinity":66,"s:131:8:131:Infinity":67,"s:134:4:136:Infinity":68,"f:135:6:135:7":18,"s:135:16:135:Infinity":69,"s:140:8:155:Infinity":70,"f:140:28:140:34":19,"b:141:4:141:Infinity:undefined:undefined:undefined:undefined":12,"s:141:4:141:Infinity":71,"b:141:8:141:23:141:23:141:34":13,"s:141:34:141:Infinity":72,"s:143:18:143:Infinity":73,"s:144:16:144:Infinity":74,"s:145:28:145:Infinity":75,"s:146:21:146:Infinity":76,"s:148:18:148:Infinity":77,"s:149:4:153:Infinity":78,"s:149:17:149:20":79,"s:150:16:150:Infinity":80,"s:151:6:151:Infinity":81,"s:152:6:152:Infinity":82,"s:154:4:154:Infinity":83,"s:157:8:176:Infinity":84,"f:157:30:157:36":20,"s:158:26:158:Infinity":85,"s:159:26:159:Infinity":86,"s:161:4:173:Infinity":87,"f:161:22:161:23":21,"s:162:12:162:Infinity":88,"s:163:24:163:Infinity":89,"b:163:24:163:49:163:49:163:Infinity":14,"s:164:6:172:Infinity":90,"f:164:24:164:25":22,"s:165:14:165:Infinity":91,"s:166:8:166:Infinity":92,"b:167:8:171:Infinity:undefined:undefined:undefined:undefined":15,"s:167:8:171:Infinity":93,"s:168:24:168:Infinity":94,"f:168:39:168:40":23,"s:168:46:168:67":95,"s:169:24:169:Infinity":96,"b:169:32:169:46:169:46:169:Infinity":16,"s:170:10:170:Infinity":97,"s:175:4:175:Infinity":98,"s:179:8:265:Infinity":99,"f:179:36:179:42":24,"s:180:21:180:Infinity":100,"s:181:21:181:Infinity":101,"s:182:20:182:Infinity":102,"s:185:27:189:Infinity":103,"f:185:41:185:42":25,"s:186:28:186:Infinity":104,"b:186:28:186:47:186:47:186:Infinity":17,"s:187:28:187:Infinity":105,"b:187:28:187:47:187:47:187:Infinity":18,"s:188:6:188:Infinity":106,"b:188:13:188:30:188:30:188:Infinity":19,"b:191:4:253:Infinity:205:4:253:Infinity":20,"s:191:4:253:Infinity":107,"s:192:6:192:Infinity":108,"s:193:6:204:Infinity":109,"f:193:29:193:30":26,"s:194:18:194:Infinity":110,"b:195:8:203:Infinity:undefined:undefined:undefined:undefined":21,"s:195:8:203:Infinity":111,"s:196:16:196:Infinity":112,"s:197:10:197:Infinity":113,"b:198:10:202:Infinity:undefined:undefined:undefined:undefined":22,"s:198:10:202:Infinity":114,"s:199:26:199:Infinity":115,"f:199:41:199:42":27,"s:199:48:199:69":116,"s:200:26:200:Infinity":117,"b:200:34:200:48:200:48:200:Infinity":23,"s:201:12:201:Infinity":118,"b:205:4:253:Infinity:219:4:253:Infinity":24,"s:205:4:253:Infinity":119,"s:206:6:206:Infinity":120,"s:207:6:218:Infinity":121,"f:207:29:207:30":28,"s:208:18:208:Infinity":122,"b:209:8:217:Infinity:undefined:undefined:undefined:undefined":25,"s:209:8:217:Infinity":123,"b:209:12:209:40:209:40:209:64":26,"s:210:16:210:Infinity":124,"s:211:10:211:Infinity":125,"b:212:10:216:Infinity:undefined:undefined:undefined:undefined":27,"s:212:10:216:Infinity":126,"s:213:26:213:Infinity":127,"f:213:41:213:42":29,"s:213:48:213:69":128,"s:214:26:214:Infinity":129,"b:214:34:214:48:214:48:214:Infinity":28,"s:215:12:215:Infinity":130,"b:219:4:253:Infinity:240:4:253:Infinity":29,"s:219:4:253:Infinity":131,"s:220:6:220:Infinity":132,"s:221:26:221:Infinity":133,"s:222:18:222:Infinity":134,"s:223:19:223:Infinity":135,"b:223:62:223:67:223:67:223:Infinity":30,"s:224:6:224:Infinity":136,"s:225:24:225:Infinity":137,"s:226:6:226:Infinity":138,"s:228:6:239:Infinity":139,"f:228:29:228:30":30,"s:229:18:229:Infinity":140,"b:230:8:238:Infinity:undefined:undefined:undefined:undefined":31,"s:230:8:238:Infinity":141,"b:230:12:230:32:230:32:230:48":32,"s:231:16:231:Infinity":142,"s:232:10:232:Infinity":143,"b:233:10:237:Infinity:undefined:undefined:undefined:undefined":33,"s:233:10:237:Infinity":144,"s:234:26:234:Infinity":145,"f:234:41:234:42":31,"s:234:48:234:69":146,"s:235:26:235:Infinity":147,"b:235:34:235:48:235:48:235:Infinity":34,"s:236:12:236:Infinity":148,"b:240:4:253:Infinity:undefined:undefined:undefined:undefined":35,"s:240:4:253:Infinity":149,"s:241:6:241:Infinity":150,"s:242:12:242:Infinity":151,"s:243:24:243:Infinity":152,"f:243:46:243:47":32,"s:243:53:243:71":153,"s:244:6:252:Infinity":154,"f:244:24:244:25":33,"s:245:14:245:Infinity":155,"s:246:8:246:Infinity":156,"b:247:8:251:Infinity:undefined:undefined:undefined:undefined":36,"s:247:8:251:Infinity":157,"s:248:24:248:Infinity":158,"f:248:39:248:40":34,"s:248:46:248:67":159,"s:249:24:249:Infinity":160,"b:249:32:249:46:249:46:249:Infinity":37,"s:250:10:250:Infinity":161,"s:255:4:255:Infinity":162,"s:267:8:270:Infinity":163,"f:267:39:267:40":35,"s:268:4:268:Infinity":164,"s:272:8:277:Infinity":165,"f:272:39:272:45":36,"s:273:4:273:Infinity":166,"s:274:4:274:Infinity":167,"s:275:4:275:Infinity":168,"s:276:4:276:Infinity":169,"s:279:8:333:Infinity":170,"f:279:33:279:39":37,"s:280:20:280:Infinity":171,"b:283:4:320:Infinity:314:11:320:Infinity":38,"s:283:4:320:Infinity":172,"b:283:8:283:22:283:22:283:32":39,"b:284:6:313:Infinity:286:6:313:Infinity":40,"s:284:6:313:Infinity":173,"s:285:8:285:Infinity":174,"b:286:6:313:Infinity:293:6:313:Infinity":41,"s:286:6:313:Infinity":175,"s:288:34:288:Infinity":176,"b:289:8:292:Infinity:undefined:undefined:undefined:undefined":42,"s:289:8:292:Infinity":177,"s:290:28:290:Infinity":178,"s:291:10:291:Infinity":179,"b:293:6:313:Infinity:303:6:313:Infinity":43,"s:293:6:313:Infinity":180,"s:295:14:295:Infinity":181,"s:296:33:298:Infinity":182,"f:297:10:297:11":38,"s:297:11:297:Infinity":183,"b:299:8:302:Infinity:undefined:undefined:undefined:undefined":44,"s:299:8:302:Infinity":184,"s:300:10:300:Infinity":185,"s:301:10:301:Infinity":186,"b:303:6:313:Infinity:undefined:undefined:undefined:undefined":45,"s:303:6:313:Infinity":187,"s:305:14:305:Infinity":188,"s:306:32:308:Infinity":189,"f:307:10:307:11":39,"s:307:11:307:Infinity":1
[...]
t":{"line":27,"column":34},"end":{"line":27,"column":35}},"loc":{"start":{"line":27,"column":55},"end":{"line":35,"column":null}},"line":27},"5":{"name":"(anonymous_5)","decl":{"start":{"line":37,"column":13},"end":{"line":37,"column":19}},"loc":{"start":{"line":37,"column":19},"end":{"line":39,"column":null}},"line":37}},"branchMap":{"0":{"loc":{"start":{"line":9,"column":13},"end":{"line":9,"column":null}},"type":"cond-expr","locations":[{"start":{"line":9,"column":20},"end":{"line":9,"column":39}},{"start":{"line":9,"column":39},"end":{"line":9,"column":null}}],"line":9},"1":{"loc":{"start":{"line":18,"column":27},"end":{"line":18,"column":null}},"type":"cond-expr","locations":[{"start":{"line":18,"column":55},"end":{"line":18,"column":76}},{"start":{"line":18,"column":76},"end":{"line":18,"column":null}}],"line":18},"2":{"loc":{"start":{"line":28,"column":10},"end":{"line":34,"column":null}},"type":"if","locations":[{"start":{"line":28,"column":10},"end":{"line":34,"column":null}},{"start":{},"end":{}}],"line":28},"3":{"loc":{"start":{"line":30,"column":33},"end":{"line":30,"column":83}},"type":"cond-expr","locations":[{"start":{"line":30,"column":46},"end":{"line":30,"column":71}},{"start":{"line":30,"column":71},"end":{"line":30,"column":83}}],"line":30}},"s":{"0":6,"1":4,"2":4,"3":4,"4":0,"5":0,"6":6,"7":2,"8":2,"9":2,"10":2,"11":0,"12":6,"13":4,"14":0,"15":0,"16":0,"17":0,"18":4,"19":4,"20":4,"21":6},"f":{"0":6,"1":4,"2":2,"3":4,"4":0,"5":4},"b":{"0":[1,3],"1":[1,1],"2":[0,0],"3":[0,0]},"meta":{"lastBranch":4,"lastFunction":6,"lastStatement":22,"seen":{"f:5:9:5:29":0,"s:6:36:14:Infinity":0,"f:6:52:6:58":1,"s:7:4:13:Infinity":1,"s:8:19:8:Infinity":2,"s:9:6:9:Infinity":3,"b:9:20:9:39:9:39:9:Infinity":0,"s:11:6:11:Infinity":4,"s:12:6:12:Infinity":5,"s:16:19:24:Infinity":6,"f:16:19:16:20":2,"s:17:4:23:Infinity":7,"s:18:27:18:Infinity":8,"b:18:55:18:76:18:76:18:Infinity":1,"s:19:6:19:Infinity":9,"s:20:6:20:Infinity":10,"s:22:6:22:Infinity":11,"s:26:2:41:Infinity":12,"f:26:12:26:18":3,"s:27:34:35:Infinity":13,"f:27:34:27:35":4,"b:28:10:34:Infinity:undefined:undefined:undefined:undefined":2,"s:28:10:34:Infinity":14,"s:29:14:33:Infinity":15,"s:30:18:30:Infinity":16,"b:30:46:30:71:30:71:30:83":3,"s:32:18:32:Infinity":17,"s:36:6:36:Infinity":18,"s:37:6:39:Infinity":19,"f:37:13:37:19":5,"s:38:10:38:Infinity":20,"s:44:2:44:Infinity":21}}}
,"D:\\Proyectos\\ApunTiti\\src\\store\\useAppStore.ts": {"path":"D:\\Proyectos\\ApunTiti\\src\\store\\useAppStore.ts","statementMap":{"0":{"start":{"line":27,"column":22},"end":{"line":31,"column":null}},"1":{"start":{"line":28,"column":2},"end":{"line":30,"column":null}},"2":{"start":{"line":33,"column":13},"end":{"line":164,"column":null}},"3":{"start":{"line":35,"column":19},"end":{"line":152,"column":null}},"4":{"start":{"line":60,"column":8},"end":{"line":60,"column":null}},"5":{"start":{"line":60,"column":24},"end":{"line":60,"column":72}},"6":{"start":{"line":63,"column":8},"end":{"line":69,"column":null}},"7":{"start":{"line":63,"column":24},"end":{"line":69,"column":10}},"8":{"start":{"line":65,"column":16},"end":{"line":67,"column":null}},"9":{"start":{"line":72,"column":8},"end":{"line":72,"column":null}},"10":{"start":{"line":72,"column":24},"end":{"line":72,"column":76}},"11":{"start":{"line":74,"column":27},"end":{"line":74,"column":null}},"12":{"start":{"line":77,"column":8},"end":{"line":79,"column":null}},"13":{"start":{"line":77,"column":24},"end":{"line":79,"column":10}},"14":{"start":{"line":81,"column":41},"end":{"line":81,"column":null}},"15":{"start":{"line":84,"column":8},"end":{"line":84,"column":null}},"16":{"start":{"line":87,"column":8},"end":{"line":87,"column":null}},"17":{"start":{"line":88,"column":22},"end":{"line":88,"column":null}},"18":{"start":{"line":90,"column":8},"end":{"line":150,"column":null}},"19":{"start":{"line":91,"column":25},"end":{"line":96,"column":null}},"20":{"start":{"line":98,"column":25},"end":{"line":98,"column":null}},"21":{"start":{"line":100,"column":10},"end":{"line":119,"column":null}},"22":{"start":{"line":101,"column":12},"end":{"line":101,"column":null}},"23":{"start":{"line":102,"column":12},"end":{"line":102,"column":null}},"24":{"start":{"line":104,"column":12},"end":{"line":109,"column":null}},"25":{"start":{"line":105,"column":14},"end":{"line":108,"column":null}},"26":{"start":{"line":111,"column":12},"end":{"line":111,"column":null}},"27":{"start":{"line":113,"column":14},"end":{"line":113,"column":null}},"28":{"start":{"line":114,"column":12},"end":{"line":114,"column":null}},"29":{"start":{"line":116,"column":12},"end":{"line":118,"column":null}},"30":{"start":{"line":117,"column":14},"end":{"line":117,"column":null}},"31":{"start":{"line":121,"column":10},"end":{"line":121,"column":null}},"32":{"start":{"line":123,"column":29},"end":{"line":123,"column":null}},"33":{"start":{"line":125,"column":10},"end":{"line":137,"column":null}},"34":{"start":{"line":126,"column":12},"end":{"line":136,"column":null}},"35":{"start":{"line":130,"column":14},"end":{"line":130,"column":null}},"36":{"start":{"line":131,"column":12},"end":{"line":136,"column":null}},"37":{"start":{"line":132,"column":14},"end":{"line":133,"column":null}},"38":{"start":{"line":135,"column":14},"end":{"line":135,"column":null}},"39":{"start":{"line":139,"column":10},"end":{"line":139,"column":null}},"40":{"start":{"line":141,"column":10},"end":{"line":147,"column":null}},"41":{"start":{"line":142,"column":12},"end":{"line":146,"column":null}},"42":{"start":{"line":149,"column":10},"end":{"line":149,"column":null}},"43":{"start":{"line":149,"column":27},"end":{"line":149,"column":56}},"44":{"start":{"line":155,"column":39},"end":{"line":155,"column":51}},"45":{"start":{"line":157,"column":30},"end":{"line":161,"column":null}}},"fnMap":{"0":{"name":"(anonymous_0)","decl":{"start":{"line":27,"column":22},"end":{"line":27,"column":26}},"loc":{"start":{"line":27,"column":71},"end":{"line":31,"column":null}},"line":27},"1":{"name":"(anonymous_1)","decl":{"start":{"line":35,"column":4},"end":{"line":35,"column":5}},"loc":{"start":{"line":35,"column":19},"end":{"line":152,"column":null}},"line":35},"2":{"name":"(anonymous_2)","decl":{"start":{"line":59,"column":17},"end":{"line":59,"column":18}},"loc":{"start":{"line":60,"column":8},"end":{"line":60,"column":null}},"line":60},"3":{"name":"(anonymous_3)","decl":{"start":{"line":60,"column":12},"end":{"line":60,"column":13}},"loc":{"start":{"line":60,"column":24},"end":{"line":60,"column":72}},"line":60},"4":{"name":"(anonymous_4)","decl":{"start":{"line":62,"column":16},"end":{"line":62,"column":17}},"loc":{"start":{"line":63,"column":8},"end":{"line":69,"column":null}},"line":63},"5":{"name":"(anonymous_5)","decl":{"start":{"line":63,"column":12},"end":{"line":63,"column":13}},"loc":{"start":{"line":63,"column":24},"end":{"line":69,"column":10}},"line":63},"6":{"name":"(anonymous_6)","decl":{"start":{"line":65,"column":12},"end":{"line":65,"column":13}},"loc":{"start":{"line":65,"column":16},"end":{"line":67,"column":null}},"line":65},"7":{"name":"(anonymous_7)","decl":{"start":{"line":71,"column":22},"end":{"line":71,"column":23}},"loc":{"start":{"line":72,"column":8},"end":{"line":72,"column":null}},"line":72},"8":{"name":"(anonymous_8)","decl":{"start":{"line":72,"column":12},"end":{"line":72,"column":13}},"loc":{"start":{"line":72,"column":24},"end":{"line":72,"column":76}},"line":72},"9":{"name":"(anonymous_9)","decl":{"start":{"line":74,"column":16},"end":{"line":74,"column":17}},"loc":{"start":{"line":74,"column":27},"end":{"line":74,"column":null}},"line":74},"10":{"name":"(anonymous_10)","decl":{"start":{"line":76,"column":19},"end":{"line":76,"column":null}},"loc":{"start":{"line":77,"column":8},"end":{"line":79,"column":null}},"line":77},"11":{"name":"(anonymous_11)","decl":{"start":{"line":77,"column":12},"end":{"line":77,"column":13}},"loc":{"start":{"line":77,"column":24},"end":{"line":79,"column":10}},"line":77},"12":{"name":"(anonymous_12)","decl":{"start":{"line":81,"column":23},"end":{"line":81,"column":24}},"loc":{"start":{"line":81,"column":41},"end":{"line":81,"column":null}},"line":81},"13":{"name":"(anonymous_13)","decl":{"start":{"line":83,"column":14},"end":{"line":83,"column":15}},"loc":{"start":{"line":84,"column":8},"end":{"line":84,"column":null}},"line":84},"14":{"name":"(anonymous_14)","decl":{"start":{"line":86,"column":12},"end":{"line":86,"column":24}},"loc":{"start":{"line":86,"column":24},"end":{"line":151,"column":null}},"line":86},"15":{"name":"(anonymous_15)","decl":{"start":{"line":149,"column":21},"end":{"line":149,"column":27}},"loc":{"start":{"line":149,"column":27},"end":{"line":149,"column":56}},"line":149},"16":{"name":"(anonymous_16)","decl":{"start":{"line":155,"column":33},"end":{"line":155,"column":39}},"loc":{"start":{"line":155,"column":39},"end":{"line":155,"column":51}},"line":155},"17":{"name":"(anonymous_17)","decl":{"start":{"line":157,"column":18},"end":{"line":157,"column":19}},"loc":{"start":{"line":157,"column":30},"end":{"line":161,"column":null}},"line":157}},"branchMap":{"0":{"loc":{"start":{"line":28,"column":9},"end":{"line":30,"column":null}},"type":"cond-expr","locations":[{"start":{"line":29,"column":7},"end":{"line":29,"column":null}},{"start":{"line":30,"column":6},"end":{"line":30,"column":null}}],"line":28},"1":{"loc":{"start":{"line":78,"column":17},"end":{"line":78,"column":null}},"type":"cond-expr","locations":[{"start":{"line":78,"column":47},"end":{"line":78,"column":60}},{"start":{"line":78,"column":60},"end":{"line":78,"column":null}}],"line":78},"2":{"loc":{"start":{"line":83,"column":24},"end":{"line":83,"column":null}},"type":"default-arg","locations":[{"start":{"line":83,"column":31},"end":{"line":83,"column":null}}],"line":83},"3":{"loc":{"start":{"line":100,"column":10},"end":{"line":119,"column":null}},"type":"if","locations":[{"start":{"line":100,"column":10},"end":{"line":119,"column":null}},{"start":{"line":110,"column":17},"end":{"line":119,"column":null}}],"line":100},"4":{"loc":{"start":{"line":104,"column":12},"end":{"line":109,"column":null}},"type":"if","locations":[{"start":{"line":104,"column":12},"end":{"line":109,"column":null}},{"start":{},"end":{}}],"line":104},"5":{"loc":{"start":{"line":113,"column":14},"end":{"line":113,"column":null}},"type":"binary-expr","locations":[{"start":{"line":113,"column":14},"end":{"line":113,"column":32}},{"start":{"line":113,"column":32},"end":{"line":113,"column":null}}],"line":113},"6":{"loc":{"start":{"line":116,"column":12},"end":{"line":118,"column":null}},"type":"if","locations":[{"start":{"line":116,"column":12},"end":{"line":118,"column":null}},{"start":{},"end":{}}],"line":116},"7":{"loc":{"start":{"line":125,"column":10},"end":{"line":137,"column":null}},"type":"if","locations":[{"start":{"line":125,"column":10},"end":{"line":137,"column":null}},{"start":{},"end":{}}],"line":125},"8":{"loc":{"start":{"line":126,"column":12},"end":{"line":136,"column":null}},"type":"if","locations":[{"start":{"line":126,"column":12},"end":{"line":136,"column":null}},{"start":{"line":131,"column":12},"end":{"line":136,"column":null}}],"line":126},"9":{"loc":{"start":{"line":127,"column":14},"end":{"line":128,"column":null}},"type":"binary-expr","locations":[{"start":{"line":127,"column":14},"end":{"line":127,"column":null}},{"start":{"line":128,"column":14},"end":{"line":128,"column":null}}],"line":127},"10":{"loc":{"start":{"line":131,"column":12},"end":{"line":136,"column":null}},"type":"if","locations":[{"start":{"line":131,"column":12},"end":{"line":136,"column":null}},{"start":{"line":134,"column":19},"end":{"line":136,"column":null}}],"line":131},"11":{"loc":{"start":{"line":141,"column":10},"end":{"line":147,"column":null}},"type":"if","locations":[{"start":{"line":141,"column":10},"end":{"line":147,"column":null}},{"start":{},"end":{}}],"line":141},"12":{"loc":{"start":{"line":144,"column":23},"end":{"line":144,"column":null}},"type":"cond-expr","locations":[{"start":{"line":144,"column":48},"end":{"line":144,"column":64}},{"start":{"line":144,"column":64},"end":{"line":144,"column":null}}],"line":144},"13":{"loc":{"start":{"line":145,"column":21},"end":{"line":145,"column":null}},"type":"cond-expr","locations":[{"start":{"line":145,"column":46},"end":{"line":145,"column":60}},{"start":{"line":145,"column":60},"end":{"line":145,"column":null}}],"line":145}},"s":{"0":1,"1":8,"2":1,"3":1,"4":4,"5":4,"6":9,"7":9,"8":3,"9":4,"10":4,"11":3,"12":15,"13":15,"14":3,"15":11,"16":6,"17":6,"18":6,"19":6,"20":6,"21":4,"22":3,"23":3,"24":3,"25":3,"26":1,"27":1,"28":1,"29":1,"30":1,"31":1,"32":1,"33":1,"34":1,"35":0,"36":1,"37":0,"38":1,"39":1,"40":1,"41":1,"42":5,"43":1,"44":1,"45":99},"f":{"0":8,"1":1,"2":4,"3":4,"4":9,"5":9,"6":3,"7":4,"8":4,"9":3,"10":15,"11":15,"12":3,"13":11,"14":6,"15":1,"16":1,"17":99},"b":{"0":[4,4],"1":[7,8],"2":[11],"3":[3,1],"4":[3,0],"5":[1,0],"6":[1,0],"7":[1,0],"8":[0,1],"9":[1,1],"10":[0,1],"11":[1,0],"12":[1,0],"13":[1,0]},"meta":{"lastBranch":14,"lastFunction":18,"lastStatement":46,"seen":{"s:27:22:31:Infinity":0,"f:27:22:27:26":0,"s:28:2:30:Infinity":1,"b:29:7:29:Infinity:30:6:30:Infinity":0,"s:33:13:164:Infinity":2,"f:35:4:35:5":1,"s:35:19:152:Infinity":3,"f:59:17:59:18":2,"s:60:8:60:Infinity":4,"f:60:12:60:13":3,"s:60:24:60:72":5,"f:62:16:62:17":4,"s:63:8:69:Infinity":6,"f:63:12:63:13":5,"s:63:24:69:10":7,"f:65:12:65:13":6,"s:65:16:67:Infinity":8,"f:71:22:71:23":7,"s:72:8:72:Infinity":9,"f:72:12:72:13":8,"s:72:24:72:76":10,"f:74:16:74:17":9,"s:74:27:74:Infinity":11,"f:76:19:76:Infinity":10,"s:77:8:79:Infinity":12,"f:77:12:77:13":11,"s:77:24:79:10":13,"b:78:47:78:60:78:60:78:Infinity":1,"f:81:23:81:24":12,"s:81:41:81:Infinity":14,"f:83:14:83:15":13,"s:84:8:84:Infinity":15,"b:83:31:83:Infinity":2,"f:86:12:86:24":14,"s:87:8:87:Infinity":16,"s:88:22:88:Infinity":17,"s:90:8:150:Infinity":18,"s:91:25:96:Infinity":19,"s:98:25:98:Infinity":20,"b:100:10:119:Infinity:110:17:119:Infinity":3,"s:100:10:119:Infinity":21,"s:101:12:101:Infinity":22,"s:102:12:102:Infinity":23,"b:104:12:109:Infinity:undefined:undefined:undefined:undefined":4,"s:104:12:109:Infinity":24,"s:105:14:108:Infinity":25,"s:111:12:111:Infinity":26,"s:113:14:113:Infinity":27,"b:113:14:113:32:113:32:113:Infinity":5,"s:114:12:114:Infinity":28,"b:116:12:118:Infinity:undefined:undefined:undefined:undefined":6,"s:116:12:118:Infinity":29,"s:117:14:117:Infinity":30,"s:121:10:121:Infinity":31,"s:123:29:123:Infinity":32,"b:125:10:137:Infinity:undefined:undefined:undefined:undefined":7,"s:125:10:137:Infinity":33,"b:126:12:136:Infinity:131:12:136:Infinity":8,"s:126:12:136:Infinity":34,"b:127:14:127:Infinity:128:14:128:Infinity":9,"s:130:14:130:Infinity":35,"b:131:12:136:Infinity:134:19:136:Infinity":10,"s:131:12:136:Infinity":36,"s:132:14:133:Infinity":37,"s:135:14:135:Infinity":38,"s:139:10:139:Infinity":39,"b:141:10:147:Infinity:undefined:undefined:undefined:undefined":11,"s:141:10:147:Infinity":40,"s:142:12:146:Infinity":41,"b:144:48:144:64:144:64:144:Infinity":12,"b:145:46:145:60:145:60:145:Infinity":13,"s:149:10:149:Infinity":42,"f:149:21:149:27":15,"s:149:27:149:56":43,"f:155:33:155:39":16,"s:155:39:155:51":44,"f:157:18:157:19":17,"s:157:30:161:Infinity":45}}}
,"D:\\Proyectos\\ApunTiti\\src\\theme\\styles.ts": {"path":"D:\\Proyectos\\ApunTiti\\src\\theme\\styles.ts","statementMap":{"0":{"start":{"line":7,"column":26},"end":{"line":512,"column":null}}},"fnMap":{},"branchMap":{},"s":{"0":3},"f":{},"b":{},"meta":{"lastBranch":0,"lastFunction":0,"lastStatement":1,"seen":{"s:7:26:512:Infinity":0}}}
,"D:\\Proyectos\\ApunTiti\\src\\utils\\time.ts": {"path":"D:\\Proyectos\\ApunTiti\\src\\utils\\time.ts","statementMap":{"0":{"start":{"line":18,"column":32},"end":{"line":21,"column":null}},"1":{"start":{"line":19,"column":17},"end":{"line":19,"column":null}},"2":{"start":{"line":20,"column":2},"end":{"line":20,"column":null}},"3":{"start":{"line":40,"column":33},"end":{"line":54,"column":null}},"4":{"start":{"line":41,"column":12},"end":{"line":41,"column":null}},"5":{"start":{"line":42,"column":12},"end":{"line":42,"column":null}},"6":{"start":{"line":45,"column":2},"end":{"line":47,"column":null}},"7":{"start":{"line":46,"column":4},"end":{"line":46,"column":null}},"8":{"start":{"line":50,"column":2},"end":{"line":52,"column":null}},"9":{"start":{"line":51,"column":4},"end":{"line":51,"column":null}},"10":{"start":{"line":53,"column":2},"end":{"line":53,"column":null}},"11":{"start":{"line":70,"column":34},"end":{"line":73,"column":null}},"12":{"start":{"line":71,"column":27},"end":{"line":71,"column":null}},"13":{"start":{"line":72,"column":2},"end":{"line":72,"column":null}},"14":{"start":{"line":88,"column":30},"end":{"line":95,"column":null}},"15":{"start":{"line":89,"column":12},"end":{"line":89,"column":null}},"16":{"start":{"line":90,"column":12},"end":{"line":90,"column":null}},"17":{"start":{"line":92,"column":2},"end":{"line":92,"column":null}},"18":{"start":{"line":92,"column":15},"end":{"line":92,"column":null}},"19":{"start":{"line":93,"column":2},"end":{"line":93,"column":null}},"20":{"start":{"line":93,"column":15},"end":{"line":93,"column":null}},"21":{"start":{"line":94,"column":2},"end":{"line":94,"column":null}}},"fnMap":{"0":{"name":"(anonymous_0)","decl":{"start":{"line":18,"column":32},"end":{"line":18,"column":33}},"loc":{"start":{"line":18,"column":56},"end":{"line":21,"column":null}},"line":18},"1":{"name":"(anonymous_1)","decl":{"start":{"line":40,"column":33},"end":{"line":40,"column":34}},"loc":{"start":{"line":40,"column":73},"end":{"line":54,"column":null}},"line":40},"2":{"name":"(anonymous_2)","decl":{"start":{"line":70,"column":34},"end":{"line":70,"column":35}},"loc":{"start":{"line":70,"column":63},"end":{"line":73,"column":null}},"line":70},"3":{"name":"(anonymous_3)","decl":{"start":{"line":88,"column":30},"end":{"line":88,"column":31}},"loc":{"start":{"line":88,"column":57},"end":{"line":95,"column":null}},"line":88}},"branchMap":{"0":{"loc":{"start":{"line":45,"column":2},"end":{"line":47,"column":null}},"type":"if","locations":[{"start":{"line":45,"column":2},"end":{"line":47,"column":null}},{"start":{},"end":{}}],"line":45},"1":{"loc":{"start":{"line":50,"column":2},"end":{"line":52,"column":null}},"type":"if","locations":[{"start":{"line":50,"column":2},"end":{"line":52,"column":null}},{"start":{},"end":{}}],"line":50},"2":{"loc":{"start":{"line":92,"column":2},"end":{"line":92,"column":null}},"type":"if","locations":[{"start":{"line":92,"column":2},"end":{"line":92,"column":null}},{"start":{},"end":{}}],"line":92},"3":{"loc":{"start":{"line":93,"column":2},"end":{"line":93,"column":null}},"type":"if","locations":[{"start":{"line":93,"column":2},"end":{"line":93,"column":null}},{"start":{},"end":{}}],"line":93}},"s":{"0":1,"1":2697,"2":2697,"3":1,"4":174,"5":174,"6":174,"7":0,"8":174,"9":0,"10":174,"11":1,"12":0,"13":0,"14":1,"15":0,"16":0,"17":0,"18":0,"19":0,"20":0,"21":0},"f":{"0":2697,"1":174,"2":0,"3":0},"b":{"0":[0,174],"1":[0,174],"2":[0,0],"3":[0,0]},"meta":{"lastBranch":4,"lastFunction":4,"lastStatement":22,"seen":{"s:18:32:21:Infinity":0,"f:18:32:18:33":0,"s:19:17:19:Infinity":1,"s:20:2:20:Infinity":2,"s:40:33:54:Infinity":3,"f:40:33:40:34":1,"s:41:12:41:Infinity":4,"s:42:12:42:Infinity":5,"b:45:2:47:Infinity:undefined:undefined:undefined:undefined":0,"s:45:2:47:Infinity":6,"s:46:4:46:Infinity":7,"b:50:2:52:Infinity:undefined:undefined:undefined:undefined":1,"s:50:2:52:Infinity":8,"s:51:4:51:Infinity":9,"s:53:2:53:Infinity":10,"s:70:34:73:Infinity":11,"f:70:34:70:35":2,"s:71:27:71:Infinity":12,"s:72:2:72:Infinity":13,"s:88:30:95:Infinity":14,"f:88:30:88:31":3,"s:89:12:89:Infinity":15,"s:90:12:90:Infinity":16,"b:92:2:92:Infinity:undefined:undefined:undefined:undefined":2,"s:92:2:92:Infinity":17,"s:92:15:92:Infinity":18,"b:93:2:93:Infinity:undefined:undefined:undefined:undefined":3,"s:93:2:93:Infinity":19,"s:93:15:93:Infinity":20,"s:94:2:94:Infinity":21}}}
}
