TN:
SF:src\types.ts
FN:1,(anonymous_0)
FN:7,(anonymous_1)
FNF:2
FNH:2
FNDA:1,(anonymous_0)
FNDA:1,(anonymous_1)
DA:1,1
DA:2,1
DA:3,1
DA:4,1
DA:7,1
DA:8,1
DA:9,1
LF:7
LH:7
BRDA:1,0,0,1
BRDA:1,0,1,1
BRDA:7,1,0,1
BRDA:7,1,1,1
BRF:4
BRH:4
end_of_record
TN:
SF:src\components\CalendarView.tsx
FN:27,(anonymous_0)
FN:36,(anonymous_1)
FN:43,(anonymous_2)
FN:45,(anonymous_3)
FN:46,(anonymous_4)
FN:47,(anonymous_5)
FN:48,(anonymous_6)
FN:72,(anonymous_7)
FN:73,(anonymous_8)
FN:80,(anonymous_9)
FN:87,(anonymous_10)
FN:92,(anonymous_11)
FN:106,(anonymous_12)
FN:110,(anonymous_13)
FN:112,(anonymous_14)
FN:117,(anonymous_15)
FN:121,(anonymous_16)
FN:123,(anonymous_17)
FN:135,(anonymous_18)
FN:140,(anonymous_19)
FN:157,(anonymous_20)
FN:161,(anonymous_21)
FN:164,(anonymous_22)
FN:168,(anonymous_23)
FN:179,(anonymous_24)
FN:185,(anonymous_25)
FN:193,(anonymous_26)
FN:199,(anonymous_27)
FN:207,(anonymous_28)
FN:213,(anonymous_29)
FN:228,(anonymous_30)
FN:234,(anonymous_31)
FN:243,(anonymous_32)
FN:244,(anonymous_33)
FN:248,(anonymous_34)
FN:267,(anonymous_35)
FN:272,(anonymous_36)
FN:279,(anonymous_37)
FN:297,(anonymous_38)
FN:307,(anonymous_39)
FN:335,(anonymous_40)
FN:353,(anonymous_41)
FN:363,(anonymous_42)
FN:392,(anonymous_43)
FN:402,(anonymous_44)
FN:407,(anonymous_45)
FN:412,(anonymous_46)
FN:417,(anonymous_47)
FN:419,(anonymous_48)
FN:419,(anonymous_49)
FN:426,(anonymous_50)
FN:432,(anonymous_51)
FN:433,(anonymous_52)
FN:434,(anonymous_53)
FN:445,(anonymous_54)
FN:451,(anonymous_55)
FN:456,(anonymous_56)
FN:460,(anonymous_57)
FN:467,(anonymous_58)
FN:474,(anonymous_59)
FN:493,(anonymous_60)
FN:497,(anonymous_61)
FN:501,(anonymous_62)
FN:535,(anonymous_63)
FN:538,(anonymous_64)
FN:614,(anonymous_65)
FN:662,(anonymous_66)
FN:675,(anonymous_67)
FN:746,(anonymous_68)
FN:757,(anonymous_69)
FN:769,(anonymous_70)
FN:776,(anonymous_71)
FN:789,(anonymous_72)
FN:800,(anonymous_73)
FN:809,(anonymous_74)
FN:817,(anonymous_75)
FN:829,(anonymous_76)
FN:837,(anonymous_77)
FN:842,(anonymous_78)
FNF:79
FNH:21
FNDA:29,(anonymous_0)
FNDA:29,(anonymous_1)
FNDA:29,(anonymous_2)
FNDA:29,(anonymous_3)
FNDA:29,(anonymous_4)
FNDA:29,(anonymous_5)
FNDA:29,(anonymous_6)
FNDA:29,(anonymous_7)
FNDA:87,(anonymous_8)
FNDA:29,(anonymous_9)
FNDA:0,(anonymous_10)
FNDA:0,(anonymous_11)
FNDA:0,(anonymous_12)
FNDA:29,(anonymous_13)
FNDA:0,(anonymous_14)
FNDA:0,(anonymous_15)
FNDA:29,(anonymous_16)
FNDA:0,(anonymous_17)
FNDA:0,(anonymous_18)
FNDA:29,(anonymous_19)
FNDA:29,(anonymous_20)
FNDA:0,(anonymous_21)
FNDA:0,(anonymous_22)
FNDA:0,(anonymous_23)
FNDA:29,(anonymous_24)
FNDA:87,(anonymous_25)
FNDA:0,(anonymous_26)
FNDA:0,(anonymous_27)
FNDA:87,(anonymous_28)
FNDA:116,(anonymous_29)
FNDA:0,(anonymous_30)
FNDA:0,(anonymous_31)
FNDA:0,(anonymous_32)
FNDA:0,(anonymous_33)
FNDA:0,(anonymous_34)
FNDA:0,(anonymous_35)
FNDA:0,(anonymous_36)
FNDA:0,(anonymous_37)
FNDA:0,(anonymous_38)
FNDA:0,(anonymous_39)
FNDA:0,(anonymous_40)
FNDA:0,(anonymous_41)
FNDA:0,(anonymous_42)
FNDA:0,(anonymous_43)
FNDA:0,(anonymous_44)
FNDA:0,(anonymous_45)
FNDA:0,(anonymous_46)
FNDA:0,(anonymous_47)
FNDA:0,(anonymous_48)
FNDA:0,(anonymous_49)
FNDA:0,(anonymous_50)
FNDA:0,(anonymous_51)
FNDA:0,(anonymous_52)
FNDA:0,(anonymous_53)
FNDA:0,(anonymous_54)
FNDA:0,(anonymous_55)
FNDA:0,(anonymous_56)
FNDA:0,(anonymous_57)
FNDA:0,(anonymous_58)
FNDA:0,(anonymous_59)
FNDA:0,(anonymous_60)
FNDA:0,(anonymous_61)
FNDA:0,(anonymous_62)
FNDA:116,(anonymous_63)
FNDA:0,(anonymous_64)
FNDA:0,(anonymous_65)
FNDA:116,(anonymous_66)
FNDA:87,(anonymous_67)
FNDA:0,(anonymous_68)
FNDA:0,(anonymous_69)
FNDA:0,(anonymous_70)
FNDA:0,(anonymous_71)
FNDA:0,(anonymous_72)
FNDA:0,(anonymous_73)
FNDA:0,(anonymous_74)
FNDA:0,(anonymous_75)
FNDA:0,(anonymous_76)
FNDA:0,(anonymous_77)
FNDA:0,(anonymous_78)
DA:27,1
DA:28,29
DA:36,1
DA:37,29
DA:43,1
DA:45,29
DA:46,29
DA:47,29
DA:48,29
DA:50,29
DA:52,29
DA:53,29
DA:54,29
DA:55,29
DA:57,29
DA:58,29
DA:61,29
DA:62,29
DA:64,29
DA:65,29
DA:66,29
DA:67,29
DA:69,29
DA:70,29
DA:72,29
DA:73,29
DA:74,87
DA:75,87
DA:80,29
DA:81,29
DA:83,0
DA:84,0
DA:85,0
DA:87,0
DA:88,0
DA:89,0
DA:91,0
DA:92,0
DA:94,0
DA:96,0
DA:97,0
DA:100,0
DA:101,0
DA:106,0
DA:110,29
DA:111,29
DA:112,29
DA:113,0
DA:114,0
DA:117,29
DA:121,29
DA:122,29
DA:123,29
DA:124,0
DA:125,0
DA:126,0
DA:127,0
DA:128,0
DA:129,0
DA:130,0
DA:131,0
DA:134,29
DA:135,0
DA:140,29
DA:141,29
DA:143,0
DA:144,0
DA:145,0
DA:146,0
DA:148,0
DA:149,0
DA:150,0
DA:151,0
DA:152,0
DA:154,0
DA:157,29
DA:158,29
DA:159,29
DA:161,29
DA:162,0
DA:163,0
DA:164,0
DA:165,0
DA:166,0
DA:167,0
DA:168,0
DA:169,0
DA:170,0
DA:175,29
DA:179,29
DA:180,29
DA:181,29
DA:182,29
DA:185,29
DA:186,87
DA:187,87
DA:188,87
DA:191,29
DA:192,0
DA:193,0
DA:194,0
DA:195,0
DA:196,0
DA:197,0
DA:198,0
DA:199,0
DA:200,0
DA:201,0
DA:205,29
DA:206,29
DA:207,29
DA:208,87
DA:209,87
DA:210,87
DA:211,87
DA:212,87
DA:213,116
DA:214,87
DA:215,87
DA:219,0
DA:220,0
DA:221,0
DA:222,0
DA:223,0
DA:224,0
DA:225,0
DA:226,0
DA:228,0
DA:229,0
DA:230,0
DA:231,0
DA:232,0
DA:233,0
DA:234,0
DA:235,0
DA:236,0
DA:240,0
DA:241,0
DA:242,0
DA:243,0
DA:244,0
DA:245,0
DA:246,0
DA:247,0
DA:248,0
DA:249,0
DA:250,0
DA:255,29
DA:267,29
DA:268,0
DA:272,29
DA:273,0
DA:274,0
DA:275,0
DA:276,0
DA:279,29
DA:280,0
DA:283,0
DA:284,0
DA:285,0
DA:286,0
DA:288,0
DA:289,0
DA:290,0
DA:291,0
DA:293,0
DA:295,0
DA:296,0
DA:297,0
DA:299,0
DA:300,0
DA:301,0
DA:303,0
DA:305,0
DA:306,0
DA:307,0
DA:309,0
DA:310,0
DA:311,0
DA:316,0
DA:317,0
DA:318,0
DA:319,0
DA:322,0
DA:335,29
DA:336,0
DA:339,0
DA:340,0
DA:341,0
DA:342,0
DA:344,0
DA:345,0
DA:346,0
DA:347,0
DA:349,0
DA:351,0
DA:352,0
DA:353,0
DA:355,0
DA:356,0
DA:357,0
DA:359,0
DA:361,0
DA:362,0
DA:363,0
DA:365,0
DA:366,0
DA:367,0
DA:372,0
DA:373,0
DA:374,0
DA:375,0
DA:378,0
DA:391,29
DA:393,0
DA:394,0
DA:395,0
DA:396,0
DA:397,0
DA:402,29
DA:403,0
DA:404,0
DA:407,29
DA:408,0
DA:409,0
DA:412,29
DA:413,0
DA:414,0
DA:417,29
DA:418,0
DA:419,0
DA:420,0
DA:421,0
DA:422,0
DA:426,29
DA:427,0
DA:428,0
DA:431,29
DA:433,0
DA:434,0
DA:436,0
DA:437,0
DA:438,0
DA:445,29
DA:446,0
DA:447,0
DA:449,0
DA:450,0
DA:451,0
DA:453,0
DA:454,0
DA:455,0
DA:456,0
DA:458,0
DA:459,0
DA:460,0
DA:461,0
DA:462,0
DA:464,0
DA:465,0
DA:466,0
DA:467,0
DA:469,0
DA:471,0
DA:474,29
DA:475,0
DA:477,0
DA:478,0
DA:479,0
DA:480,0
DA:485,0
DA:486,0
DA:493,29
DA:495,0
DA:496,0
DA:498,0
DA:499,0
DA:500,0
DA:501,0
DA:502,0
DA:503,0
DA:506,0
DA:507,0
DA:508,0
DA:509,0
DA:517,0
DA:518,0
DA:519,0
DA:520,0
DA:521,0
DA:522,0
DA:523,0
DA:524,0
DA:527,29
DA:536,116
DA:538,0
DA:615,0
DA:616,0
DA:662,116
DA:675,87
DA:746,0
DA:757,0
DA:770,0
DA:777,0
DA:790,0
DA:801,0
DA:810,0
DA:818,0
DA:830,0
DA:837,0
DA:842,0
LF:311
LH:84
BRDA:74,0,0,87
BRDA:74,0,1,58
BRDA:81,1,0,29
BRDA:81,1,1,0
BRDA:81,2,0,29
BRDA:81,2,1,0
BRDA:89,3,0,0
BRDA:89,3,1,0
BRDA:89,4,0,0
BRDA:89,4,1,0
BRDA:94,5,0,0
BRDA:94,5,1,0
BRDA:96,6,0,0
BRDA:96,6,1,0
BRDA:97,7,0,0
BRDA:97,7,1,0
BRDA:100,8,0,0
BRDA:100,8,1,0
BRDA:113,9,0,0
BRDA:113,9,1,0
BRDA:126,10,0,0
BRDA:126,10,1,0
BRDA:130,11,0,0
BRDA:130,11,1,0
BRDA:141,12,0,29
BRDA:141,12,1,0
BRDA:141,13,0,29
BRDA:141,13,1,0
BRDA:163,14,0,0
BRDA:163,14,1,0
BRDA:167,15,0,0
BRDA:167,15,1,0
BRDA:169,16,0,0
BRDA:169,16,1,0
BRDA:186,17,0,87
BRDA:186,17,1,0
BRDA:187,18,0,87
BRDA:187,18,1,0
BRDA:188,19,0,87
BRDA:188,19,1,87
BRDA:191,20,0,0
BRDA:191,20,1,29
BRDA:195,21,0,0
BRDA:195,21,1,0
BRDA:198,22,0,0
BRDA:198,22,1,0
BRDA:200,23,0,0
BRDA:200,23,1,0
BRDA:205,24,0,29
BRDA:205,24,1,0
BRDA:209,25,0,87
BRDA:209,25,1,0
BRDA:209,26,0,87
BRDA:209,26,1,87
BRDA:212,27,0,87
BRDA:212,27,1,0
BRDA:214,28,0,87
BRDA:214,28,1,0
BRDA:219,29,0,0
BRDA:219,29,1,0
BRDA:223,30,0,0
BRDA:223,30,1,0
BRDA:230,31,0,0
BRDA:230,31,1,0
BRDA:230,32,0,0
BRDA:230,32,1,0
BRDA:233,33,0,0
BRDA:233,33,1,0
BRDA:235,34,0,0
BRDA:235,34,1,0
BRDA:240,35,0,0
BRDA:240,35,1,0
BRDA:247,36,0,0
BRDA:247,36,1,0
BRDA:249,37,0,0
BRDA:249,37,1,0
BRDA:283,38,0,0
BRDA:283,38,1,0
BRDA:283,39,0,0
BRDA:283,39,1,0
BRDA:284,40,0,0
BRDA:284,40,1,0
BRDA:286,41,0,0
BRDA:286,41,1,0
BRDA:289,42,0,0
BRDA:289,42,1,0
BRDA:293,43,0,0
BRDA:293,43,1,0
BRDA:299,44,0,0
BRDA:299,44,1,0
BRDA:303,45,0,0
BRDA:303,45,1,0
BRDA:309,46,0,0
BRDA:309,46,1,0
BRDA:316,47,0,0
BRDA:316,47,1,0
BRDA:317,48,0,0
BRDA:317,48,1,0
BRDA:318,49,0,0
BRDA:318,49,1,0
BRDA:319,50,0,0
BRDA:319,50,1,0
BRDA:339,51,0,0
BRDA:339,51,1,0
BRDA:339,52,0,0
BRDA:339,52,1,0
BRDA:340,53,0,0
BRDA:340,53,1,0
BRDA:342,54,0,0
BRDA:342,54,1,0
BRDA:345,55,0,0
BRDA:345,55,1,0
BRDA:349,56,0,0
BRDA:349,56,1,0
BRDA:355,57,0,0
BRDA:355,57,1,0
BRDA:359,58,0,0
BRDA:359,58,1,0
BRDA:365,59,0,0
BRDA:365,59,1,0
BRDA:372,60,0,0
BRDA:372,60,1,0
BRDA:373,61,0,0
BRDA:373,61,1,0
BRDA:374,62,0,0
BRDA:374,62,1,0
BRDA:375,63,0,0
BRDA:375,63,1,0
BRDA:397,64,0,0
BRDA:397,64,1,0
BRDA:404,65,0,0
BRDA:404,65,1,0
BRDA:409,66,0,0
BRDA:409,66,1,0
BRDA:418,67,0,0
BRDA:418,67,1,0
BRDA:434,68,0,0
BRDA:434,68,1,0
BRDA:449,69,0,0
BRDA:449,69,1,0
BRDA:449,70,0,0
BRDA:449,70,1,0
BRDA:451,71,0,0
BRDA:451,71,1,0
BRDA:454,72,0,0
BRDA:454,72,1,0
BRDA:459,73,0,0
BRDA:459,73,1,0
BRDA:462,74,0,0
BRDA:462,74,1,0
BRDA:465,75,0,0
BRDA:465,75,1,0
BRDA:477,76,0,0
BRDA:477,76,1,0
BRDA:500,77,0,0
BRDA:500,77,1,0
BRDA:502,78,0,0
BRDA:502,78,1,0
BRDA:503,79,0,0
BRDA:503,79,1,0
BRDA:508,80,0,0
BRDA:508,80,1,0
BRDA:540,81,0,29
BRDA:540,81,1,87
BRDA:545,82,0,116
BRDA:545,82,1,29
BRDA:546,83,0,116
BRDA:546,83,1,29
BRDA:547,84,0,116
BRDA:547,84,1,29
BRDA:548,85,0,116
BRDA:548,85,1,29
BRDA:579,86,0,29
BRDA:579,86,1,0
BRDA:579,87,0,29
BRDA:579,87,1,0
BRDA:589,88,0,29
BRDA:589,88,1,0
BRDA:590,89,0,29
BRDA:590,89,1,29
BRDA:591,90,0,29
BRDA:591,90,1,0
BRDA:593,91,0,29
BRDA:593,91,1,0
BRDA:605,92,0,29
BRDA:605,92,1,0
BRDA:612,93,0,0
BRDA:612,93,1,0
BRDA:612,94,0,0
BRDA:612,94,1,0
BRDA:620,95,0,29
BRDA:620,95,1,29
BRDA:632,96,0,29
BRDA:632,96,1,0
BRDA:640,97,0,29
BRDA:640,97,1,0
BRDA:647,98,0,0
BRDA:647,98,1,0
BRDA:648,99,0,0
BRDA:648,99,1,0
BRDA:648,100,0,0
BRDA:648,100,1,0
BRDA:702,101,0,29
BRDA:702,101,1,0
BRDA:702,101,2,0
BRDA:721,102,0,29
BRDA:721,102,1,0
BRDA:721,102,2,0
BRDA:749,103,0,29
BRDA:749,103,1,0
BRDA:749,103,2,0
BRDA:808,104,0,0
BRDA:808,104,1,0
BRDA:812,105,0,0
BRDA:812,105,1,0
BRF:215
BRH:42
end_of_record
TN:
SF:src\components\ClockView.tsx
FN:11,(anonymous_0)
FN:31,(anonymous_1)
FN:49,(anonymous_2)
FN:51,(anonymous_3)
FN:52,(anonymous_4)
FN:53,(anonymous_5)
FN:54,(anonymous_6)
FN:71,(anonymous_7)
FN:75,(anonymous_8)
FN:84,(anonymous_9)
FN:89,(anonymous_10)
FN:108,(anonymous_11)
FN:109,(anonymous_12)
FN:116,(anonymous_13)
FN:117,(anonymous_14)
FN:124,(anonymous_15)
FN:133,(anonymous_16)
FN:159,(anonymous_17)
FN:203,(anonymous_18)
FN:229,(anonymous_19)
FN:239,(anonymous_20)
FN:248,(anonymous_21)
FN:250,(anonymous_22)
FN:262,(anonymous_23)
FN:265,(anonymous_24)
FN:277,(anonymous_25)
FN:284,(anonymous_26)
FN:294,(anonymous_27)
FN:301,(anonymous_28)
FN:311,(anonymous_29)
FN:394,(anonymous_30)
FNF:31
FNH:18
FNDA:37,(anonymous_0)
FNDA:38,(anonymous_1)
FNDA:37,(anonymous_2)
FNDA:37,(anonymous_3)
FNDA:37,(anonymous_4)
FNDA:37,(anonymous_5)
FNDA:37,(anonymous_6)
FNDA:19,(anonymous_7)
FNDA:38,(anonymous_8)
FNDA:38,(anonymous_9)
FNDA:57,(anonymous_10)
FNDA:0,(anonymous_11)
FNDA:0,(anonymous_12)
FNDA:0,(anonymous_13)
FNDA:0,(anonymous_14)
FNDA:0,(anonymous_15)
FNDA:0,(anonymous_16)
FNDA:0,(anonymous_17)
FNDA:0,(anonymous_18)
FNDA:2,(anonymous_19)
FNDA:2,(anonymous_20)
FNDA:1,(anonymous_21)
FNDA:148,(anonymous_22)
FNDA:0,(anonymous_23)
FNDA:111,(anonymous_24)
FNDA:15,(anonymous_25)
FNDA:0,(anonymous_26)
FNDA:0,(anonymous_27)
FNDA:0,(anonymous_28)
FNDA:0,(anonymous_29)
FNDA:74,(anonymous_30)
DA:11,1
DA:12,37
DA:13,37
DA:16,1
DA:31,1
DA:32,38
DA:33,38
DA:36,38
DA:37,0
DA:41,38
DA:42,0
DA:44,38
DA:49,1
DA:51,37
DA:52,37
DA:53,37
DA:54,37
DA:56,37
DA:58,37
DA:59,37
DA:60,37
DA:61,37
DA:62,37
DA:63,37
DA:64,37
DA:65,37
DA:68,37
DA:71,37
DA:72,19
DA:73,19
DA:75,19
DA:76,38
DA:77,38
DA:80,19
DA:81,19
DA:82,19
DA:84,19
DA:85,38
DA:86,38
DA:88,38
DA:89,57
DA:90,38
DA:91,38
DA:94,38
DA:97,19
DA:108,37
DA:109,0
DA:110,0
DA:111,0
DA:112,0
DA:116,37
DA:117,0
DA:118,0
DA:119,0
DA:120,0
DA:124,37
DA:125,0
DA:126,0
DA:127,0
DA:128,0
DA:129,0
DA:133,0
DA:134,0
DA:135,0
DA:138,0
DA:139,0
DA:142,0
DA:143,0
DA:144,0
DA:147,0
DA:151,0
DA:152,0
DA:153,0
DA:154,0
DA:155,0
DA:159,0
DA:160,0
DA:162,0
DA:163,0
DA:166,0
DA:167,0
DA:168,0
DA:171,0
DA:176,0
DA:179,0
DA:180,0
DA:181,0
DA:182,0
DA:185,0
DA:195,0
DA:197,0
DA:198,0
DA:199,0
DA:203,0
DA:209,37
DA:230,2
DA:231,2
DA:239,2
DA:248,1
DA:251,148
DA:262,0
DA:266,111
DA:277,15
DA:285,0
DA:286,0
DA:294,0
DA:302,0
DA:303,0
DA:311,0
DA:395,74
LF:110
LH:55
BRDA:36,0,0,0
BRDA:36,0,1,38
BRDA:41,1,0,0
BRDA:41,1,1,38
BRDA:63,2,0,37
BRDA:63,2,1,0
BRDA:77,3,0,38
BRDA:77,3,1,38
BRDA:88,4,0,38
BRDA:88,4,1,0
BRDA:90,5,0,38
BRDA:90,5,1,0
BRDA:94,6,0,38
BRDA:94,6,1,38
BRDA:126,7,0,0
BRDA:126,7,1,0
BRDA:126,8,0,0
BRDA:126,8,1,0
BRDA:126,8,2,0
BRDA:142,9,0,0
BRDA:142,9,1,0
BRDA:144,10,0,0
BRDA:144,10,1,0
BRDA:152,11,0,0
BRDA:152,11,1,0
BRDA:160,12,0,0
BRDA:160,12,1,0
BRDA:166,13,0,0
BRDA:166,13,1,0
BRDA:168,14,0,0
BRDA:168,14,1,0
BRDA:176,15,0,0
BRDA:176,15,1,0
BRDA:179,16,0,0
BRDA:179,16,1,0
BRDA:192,17,0,0
BRDA:192,17,1,0
BRDA:220,18,0,37
BRDA:220,18,1,0
BRDA:231,19,0,2
BRDA:231,19,1,0
BRDA:231,20,0,0
BRDA:231,20,1,2
BRDA:286,21,0,0
BRDA:286,21,1,0
BRDA:286,22,0,0
BRDA:286,22,1,0
BRDA:303,23,0,0
BRDA:303,23,1,0
BRDA:303,24,0,0
BRDA:303,24,1,0
BRDA:368,25,0,37
BRDA:368,25,1,37
BRDA:391,26,0,37
BRDA:391,26,1,0
BRF:55
BRH:15
end_of_record
TN:
SF:src\components\Icons.tsx
FN:7,(anonymous_0)
FN:21,(anonymous_1)
FN:33,(anonymous_2)
FN:45,(anonymous_3)
FN:61,(anonymous_4)
FN:72,(anonymous_5)
FN:84,(anonymous_6)
FN:97,(anonymous_7)
FN:109,(anonymous_8)
FN:121,(anonymous_9)
FN:133,(anonymous_10)
FN:144,(anonymous_11)
FN:156,(anonymous_12)
FN:168,(anonymous_13)
FNF:14
FNH:3
FNDA:96,(anonymous_0)
FNDA:0,(anonymous_1)
FNDA:0,(anonymous_2)
FNDA:0,(anonymous_3)
FNDA:0,(anonymous_4)
FNDA:0,(anonymous_5)
FNDA:48,(anonymous_6)
FNDA:48,(anonymous_7)
FNDA:0,(anonymous_8)
FNDA:0,(anonymous_9)
FNDA:0,(anonymous_10)
FNDA:0,(anonymous_11)
FNDA:0,(anonymous_12)
FNDA:0,(anonymous_13)
DA:7,3
DA:8,96
DA:21,3
DA:22,0
DA:30,3
DA:32,3
DA:34,0
DA:43,3
DA:45,3
DA:46,0
DA:59,3
DA:61,3
DA:62,0
DA:70,3
DA:72,3
DA:73,0
DA:81,3
DA:83,3
DA:85,48
DA:94,3
DA:96,3
DA:98,48
DA:107,3
DA:109,3
DA:110,0
DA:118,3
DA:120,3
DA:122,0
DA:131,3
DA:133,3
DA:134,0
DA:142,3
DA:144,3
DA:145,0
DA:153,3
DA:155,3
DA:157,0
DA:166,3
DA:168,3
DA:169,0
DA:177,3
LF:41
LH:30
BRDA:15,0,0,96
BRDA:15,0,1,0
BRF:2
BRH:1
end_of_record
TN:
SF:src\components\UI.tsx
FN:14,(anonymous_0)
FN:53,(anonymous_1)
FN:75,(anonymous_2)
FN:107,(anonymous_3)
FN:159,(anonymous_4)
FN:170,(anonymous_5)
FN:171,(anonymous_6)
FN:177,(anonymous_7)
FN:199,(anonymous_8)
FN:231,(anonymous_9)
FN:232,(anonymous_10)
FN:235,(anonymous_11)
FNF:12
FNH:7
FNDA:127,(anonymous_0)
FNDA:161,(anonymous_1)
FNDA:150,(anonymous_2)
FNDA:132,(anonymous_3)
FNDA:29,(anonymous_4)
FNDA:29,(anonymous_5)
FNDA:0,(anonymous_6)
FNDA:29,(anonymous_7)
FNDA:0,(anonymous_8)
FNDA:0,(anonymous_9)
FNDA:0,(anonymous_10)
FNDA:0,(anonymous_11)
DA:14,3
DA:22,127
DA:28,127
DA:43,3
DA:44,3
DA:53,3
DA:54,161
DA:67,3
DA:68,3
DA:75,3
DA:81,150
DA:82,150
DA:84,150
DA:98,3
DA:99,3
DA:107,3
DA:114,132
DA:115,132
DA:117,132
DA:147,3
DA:148,3
DA:159,3
DA:166,29
DA:167,29
DA:170,29
DA:171,29
DA:172,0
DA:173,0
DA:176,29
DA:177,29
DA:180,29
DA:199,0
DA:222,3
DA:223,3
DA:231,3
DA:232,0
DA:233,0
DA:234,0
DA:235,0
DA:239,0
DA:242,0
DA:248,0
DA:254,0
LF:43
LH:32
BRDA:17,0,0,127
BRDA:18,1,0,127
BRDA:22,2,0,68
BRDA:22,2,1,59
BRDA:24,3,0,58
BRDA:24,3,1,1
BRDA:34,4,0,127
BRDA:34,4,1,3
BRDA:60,5,0,161
BRDA:60,5,1,0
BRDA:82,6,0,150
BRDA:82,6,1,149
BRDA:91,7,0,150
BRDA:91,7,1,39
BRDA:115,8,0,132
BRDA:115,8,1,132
BRDA:119,9,0,132
BRDA:119,9,1,132
BRDA:127,10,0,132
BRDA:127,10,1,132
BRDA:161,11,0,29
BRDA:172,12,0,0
BRDA:172,12,1,0
BRDA:172,13,0,0
BRDA:172,13,1,0
BRDA:182,14,0,29
BRDA:182,14,1,0
BRDA:233,15,0,0
BRDA:233,15,1,0
BRDA:239,16,0,0
BRDA:239,16,1,0
BRDA:242,17,0,0
BRDA:242,17,1,0
BRDA:244,18,0,0
BRDA:244,18,1,0
BRF:35
BRH:21
end_of_record
TN:
SF:src\constants\app.ts
FNF:0
FNH:0
DA:9,1
DA:27,1
DA:40,1
DA:64,1
DA:78,1
DA:110,1
DA:118,1
LF:7
LH:7
BRF:0
BRH:0
end_of_record
TN:
SF:src\hooks\useLocalStorage.ts
FN:5,useLocalStorage
FN:6,(anonymous_1)
FN:16,(anonymous_2)
FN:26,(anonymous_3)
FN:27,(anonymous_4)
FN:37,(anonymous_5)
FNF:6
FNH:5
FNDA:6,useLocalStorage
FNDA:4,(anonymous_1)
FNDA:2,(anonymous_2)
FNDA:4,(anonymous_3)
FNDA:0,(anonymous_4)
FNDA:4,(anonymous_5)
DA:6,6
DA:7,4
DA:8,4
DA:9,4
DA:11,0
DA:12,0
DA:16,6
DA:17,2
DA:18,2
DA:19,2
DA:20,2
DA:22,0
DA:26,6
DA:27,4
DA:28,0
DA:29,0
DA:30,0
DA:32,0
DA:36,4
DA:37,4
DA:38,4
DA:44,6
LF:22
LH:15
BRDA:9,0,0,1
BRDA:9,0,1,3
BRDA:18,1,0,1
BRDA:18,1,1,1
BRDA:28,2,0,0
BRDA:28,2,1,0
BRDA:30,3,0,0
BRDA:30,3,1,0
BRF:8
BRH:4
end_of_record
TN:
SF:src\store\useAppStore.ts
FN:27,(anonymous_0)
FN:35,(anonymous_1)
FN:59,(anonymous_2)
FN:60,(anonymous_3)
FN:62,(anonymous_4)
FN:63,(anonymous_5)
FN:65,(anonymous_6)
FN:71,(anonymous_7)
FN:72,(anonymous_8)
FN:74,(anonymous_9)
FN:76,(anonymous_10)
FN:77,(anonymous_11)
FN:81,(anonymous_12)
FN:83,(anonymous_13)
FN:86,(anonymous_14)
FN:149,(anonymous_15)
FN:155,(anonymous_16)
FN:157,(anonymous_17)
FNF:18
FNH:18
FNDA:8,(anonymous_0)
FNDA:1,(anonymous_1)
FNDA:4,(anonymous_2)
FNDA:4,(anonymous_3)
FNDA:9,(anonymous_4)
FNDA:9,(anonymous_5)
FNDA:3,(anonymous_6)
FNDA:4,(anonymous_7)
FNDA:4,(anonymous_8)
FNDA:3,(anonymous_9)
FNDA:15,(anonymous_10)
FNDA:15,(anonymous_11)
FNDA:3,(anonymous_12)
FNDA:11,(anonymous_13)
FNDA:6,(anonymous_14)
FNDA:1,(anonymous_15)
FNDA:1,(anonymous_16)
FNDA:99,(anonymous_17)
DA:27,1
DA:28,8
DA:33,1
DA:35,1
DA:60,4
DA:63,9
DA:65,3
DA:72,4
DA:74,3
DA:77,15
DA:81,3
DA:84,11
DA:87,6
DA:88,6
DA:90,6
DA:91,6
DA:98,6
DA:100,4
DA:101,3
DA:102,3
DA:104,3
DA:105,3
DA:111,1
DA:113,1
DA:114,1
DA:116,1
DA:117,1
DA:121,1
DA:123,1
DA:125,1
DA:126,1
DA:130,0
DA:131,1
DA:132,0
DA:135,1
DA:139,1
DA:141,1
DA:142,1
DA:149,5
DA:155,1
DA:157,99
LF:41
LH:39
BRDA:28,0,0,4
BRDA:28,0,1,4
BRDA:78,1,0,7
BRDA:78,1,1,8
BRDA:83,2,0,11
BRDA:100,3,0,3
BRDA:100,3,1,1
BRDA:104,4,0,3
BRDA:104,4,1,0
BRDA:113,5,0,1
BRDA:113,5,1,0
BRDA:116,6,0,1
BRDA:116,6,1,0
BRDA:125,7,0,1
BRDA:125,7,1,0
BRDA:126,8,0,0
BRDA:126,8,1,1
BRDA:127,9,0,1
BRDA:127,9,1,1
BRDA:131,10,0,0
BRDA:131,10,1,1
BRDA:141,11,0,1
BRDA:141,11,1,0
BRDA:144,12,0,1
BRDA:144,12,1,0
BRDA:145,13,0,1
BRDA:145,13,1,0
BRF:27
BRH:18
end_of_record
TN:
SF:src\theme\styles.ts
FNF:0
FNH:0
DA:7,3
LF:1
LH:1
BRF:0
BRH:0
end_of_record
TN:
SF:src\utils\time.ts
FN:18,(anonymous_0)
FN:40,(anonymous_1)
FN:70,(anonymous_2)
FN:88,(anonymous_3)
FNF:4
FNH:2
FNDA:2697,(anonymous_0)
FNDA:174,(anonymous_1)
FNDA:0,(anonymous_2)
FNDA:0,(anonymous_3)
DA:18,1
DA:19,2697
DA:20,2697
DA:40,1
DA:41,174
DA:42,174
DA:45,174
DA:46,0
DA:50,174
DA:51,0
DA:53,174
DA:70,1
DA:71,0
DA:72,0
DA:88,1
DA:89,0
DA:90,0
DA:92,0
DA:93,0
DA:94,0
LF:20
LH:11
BRDA:45,0,0,0
BRDA:45,0,1,174
BRDA:50,1,0,0
BRDA:50,1,1,174
BRDA:92,2,0,0
BRDA:92,2,1,0
BRDA:93,3,0,0
BRDA:93,3,1,0
BRF:8
BRH:2
end_of_record
